#
# There is insufficient memory for the Java Runtime Environment to continue.
# Native memory allocation (mmap) failed to map 45613056 bytes for committing reserved memory.
# Possible reasons:
#   The system is out of physical RAM or swap space
#   In 32 bit mode, the process size limit was hit
# Possible solutions:
#   Reduce memory load on the system
#   Increase physical memory or swap space
#   Check if swap backing store is full
#   Use 64 bit Java on a 64 bit OS
#   Decrease Java heap size (-Xmx/-Xms)
#   Decrease number of Java threads
#   Decrease Java thread stack sizes (-Xss)
#   Set larger code cache with -XX:ReservedCodeCacheSize=
# This output file may be truncated or incomplete.
#
#  Out of Memory Error (os_linux.cpp:2640), pid=4281, tid=0x00007f8470ef6700
#
# JRE version: OpenJDK Runtime Environment (8.0_152-b01) (build 1.8.0_152-release-915-b01)
# Java VM: OpenJDK 64-Bit Server VM (25.152-b01 mixed mode linux-amd64 compressed oops)
# Failed to write core dump. Core dumps have been disabled. To enable core dumping, try "ulimit -c unlimited" before starting Java again
#

---------------  T H R E A D  ---------------

Current thread (0x00007f8484074000):  VMThread [stack: 0x00007f8470df6000,0x00007f8470ef7000] [id=4288]

Stack: [0x00007f8470df6000,0x00007f8470ef7000],  sp=0x00007f8470ef54c0,  free space=1021k
Native frames: (J=compiled Java code, j=interpreted, Vv=VM code, C=native code)
V  [libjvm.so+0x9eb15d]  VMError::report_and_die()+0x15d
V  [libjvm.so+0x4b8eaa]  report_vm_out_of_memory(char const*, int, unsigned long, VMErrorType, char const*)+0x8a
V  [libjvm.so+0x851370]  os::pd_commit_memory(char*, unsigned long, unsigned long, bool)+0xf0
V  [libjvm.so+0x84be8f]  os::commit_memory(char*, unsigned long, unsigned long, bool)+0x1f
V  [libjvm.so+0x8c261b]  PSVirtualSpace::expand_by(unsigned long)+0x5b
V  [libjvm.so+0x8c3290]  PSYoungGen::resize_generation(unsigned long, unsigned long)+0xb0
V  [libjvm.so+0x8c35ab]  PSYoungGen::resize(unsigned long, unsigned long)+0x1b
V  [libjvm.so+0x8bfc9c]  PSScavenge::invoke_no_policy()+0xdac
V  [libjvm.so+0x8c0478]  PSScavenge::invoke()+0x38
V  [libjvm.so+0x8748f3]  ParallelScavengeHeap::failed_mem_allocate(unsigned long)+0x63
V  [libjvm.so+0x9ecc84]  VM_ParallelGCFailedAllocation::doit()+0x84
V  [libjvm.so+0x9f1197]  VM_Operation::evaluate()+0x47
V  [libjvm.so+0x9efb78]  VMThread::evaluate_operation(VM_Operation*)+0x2c8
V  [libjvm.so+0x9efff9]  VMThread::loop()+0x219
V  [libjvm.so+0x9f0442]  VMThread::run()+0x72
V  [libjvm.so+0x84e792]  java_start(Thread*)+0xf2

VM_Operation (0x00007f844f2ecd20): ParallelGCFailedAllocation, mode: safepoint, requested by thread 0x00007f8438007000


---------------  P R O C E S S  ---------------

Java Threads: ( => current thread )
  0x00007f842cdd3800 JavaThread "Memory manager" [_thread_blocked, id=4314, stack(0x00007f844ccd3000,0x00007f844cdd4000)]
  0x00007f842cb8d800 JavaThread "build operations Thread 2" [_thread_blocked, id=4313, stack(0x00007f844d70e000,0x00007f844d80f000)]
  0x00007f842cb92800 JavaThread "build operations" [_thread_blocked, id=4312, stack(0x00007f844d80f000,0x00007f844d910000)]
  0x00007f842ca58000 JavaThread "Cache worker for Artifact transforms cache (/home/student/.gradle/caches/transforms-1)" [_thread_blocked, id=4311, stack(0x00007f844db10000,0x00007f844dc11000)]
  0x00007f842c28f800 JavaThread "Cache worker for file hash cache (/home/student/git/HandsOn32/EventRegistrationAndroid/.gradle/4.1/fileHashes)" [_thread_blocked, id=4308, stack(0x00007f844e8ed000,0x00007f844e9ee000)]
  0x00007f842c138000 JavaThread "File lock request listener" [_thread_in_native, id=4307, stack(0x00007f844ebee000,0x00007f844ecef000)]
  0x00007f842c130800 JavaThread "Cache worker for file hash cache (/home/student/.gradle/caches/4.1/fileHashes)" [_thread_blocked, id=4306, stack(0x00007f844ecef000,0x00007f844edf0000)]
  0x00007f842c036000 JavaThread "Stdin handler" [_thread_blocked, id=4303, stack(0x00007f844eff0000,0x00007f844f0f1000)]
  0x00007f842c028800 JavaThread "Asynchronous log dispatcher for DefaultDaemonConnection: socket connection from /127.0.0.1:46293 to /127.0.0.1:37288" [_thread_blocked, id=4302, stack(0x00007f844f0f1000,0x00007f844f1f2000)]
  0x00007f8438007000 JavaThread "Daemon worker" [_thread_blocked, id=4301, stack(0x00007f844f1f2000,0x00007f844f2f3000)]
  0x00007f8438004000 JavaThread "Cancel handler" [_thread_blocked, id=4300, stack(0x00007f844f2f3000,0x00007f844f3f4000)]
  0x00007f8438005800 JavaThread "Handler for socket connection from /127.0.0.1:46293 to /127.0.0.1:37288" [_thread_in_native, id=4299, stack(0x00007f844f3f4000,0x00007f844f4f5000)]
  0x00007f8440016000 JavaThread "Daemon" [_thread_blocked, id=4298, stack(0x00007f844f4f5000,0x00007f844f5f6000)]
  0x00007f8484cb5000 JavaThread "Daemon periodic checks" [_thread_blocked, id=4297, stack(0x00007f844f5f6000,0x00007f844f6f7000)]
  0x00007f8484c93000 JavaThread "Incoming local TCP Connector on port 46293" [_thread_in_native, id=4296, stack(0x00007f844f6fe000,0x00007f844f7ff000)]
  0x00007f84840c4800 JavaThread "Service Thread" daemon [_thread_blocked, id=4294, stack(0x00007f845bdfe000,0x00007f845beff000)]
  0x00007f84840b8000 JavaThread "C1 CompilerThread1" daemon [_thread_blocked, id=4293, stack(0x00007f845beff000,0x00007f845c000000)]
  0x00007f84840b5000 JavaThread "C2 CompilerThread0" daemon [_thread_blocked, id=4292, stack(0x00007f8470033000,0x00007f8470134000)]
  0x00007f84840b3800 JavaThread "Signal Dispatcher" daemon [_thread_blocked, id=4291, stack(0x00007f8470134000,0x00007f8470235000)]
  0x00007f8484080800 JavaThread "Finalizer" daemon [_thread_blocked, id=4290, stack(0x00007f8470bf4000,0x00007f8470cf5000)]
  0x00007f848407c000 JavaThread "Reference Handler" daemon [_thread_blocked, id=4289, stack(0x00007f8470cf5000,0x00007f8470df6000)]
  0x00007f848400a800 JavaThread "main" [_thread_blocked, id=4282, stack(0x00007f848bedf000,0x00007f848bfe0000)]

Other Threads:
=>0x00007f8484074000 VMThread [stack: 0x00007f8470df6000,0x00007f8470ef7000] [id=4288]
  0x00007f84840c7800 WatcherThread [stack: 0x00007f845bcfd000,0x00007f845bdfe000] [id=4295]

VM state:at safepoint (normal execution)

VM Mutex/Monitor currently owned by a thread:  ([mutex/lock_event])
[0x00007f8484006fe0] Threads_lock - owner thread: 0x00007f8484074000
[0x00007f84840074e0] Heap_lock - owner thread: 0x00007f8438007000

Heap:
 PSYoungGen      total 164352K, used 13303K [0x00000000e0000000, 0x00000000eae80000, 0x0000000100000000)
  eden space 151040K, 0% used [0x00000000e0000000,0x00000000e0000000,0x00000000e9380000)
  from space 13312K, 99% used [0x00000000e9480000,0x00000000ea17dd20,0x00000000ea180000)
  to   space 10240K, 0% used [0x00000000ea480000,0x00000000ea480000,0x00000000eae80000)
 ParOldGen       total 49664K, used 18155K [0x00000000a0000000, 0x00000000a3080000, 0x00000000e0000000)
  object space 49664K, 36% used [0x00000000a0000000,0x00000000a11bade0,0x00000000a3080000)
 Metaspace       used 45966K, capacity 46948K, committed 47192K, reserved 1089536K
  class space    used 6153K, capacity 6473K, committed 6528K, reserved 1048576K

Card table byte_map: [0x00007f8488a62000,0x00007f8488d63000] byte_map_base: 0x00007f8488562000

Marking Bits: (ParMarkBitMap*) 0x00007f848b3a63e0
 Begin Bits: [0x00007f8472000000, 0x00007f8473800000)
 End Bits:   [0x00007f8473800000, 0x00007f8475000000)

Polling page: 0x00007f848bff9000

CodeCache: size=245760Kb used=14725Kb max_used=14736Kb free=231034Kb
 bounds [0x00007f8475000000, 0x00007f8475e80000, 0x00007f8484000000]
 total_blobs=5361 nmethods=4629 adapters=645
 compilation: enabled

Compilation events (10 events):
Event: 15.848 Thread 0x00007f84840b8000 5002       1       com.android.repository.impl.generated.v1.LocalPackage::getRevision (5 bytes)
Event: 15.848 Thread 0x00007f84840b8000 nmethod 5002 0x00007f8475e6ae90 code [0x00007f8475e6afe0, 0x00007f8475e6b0f0]
Event: 15.848 Thread 0x00007f84840b8000 5003       1       com.android.repository.impl.generated.v1.RevisionType::getMajor (5 bytes)
Event: 15.848 Thread 0x00007f84840b8000 nmethod 5003 0x00007f8475e6abd0 code [0x00007f8475e6ad20, 0x00007f8475e6ae30]
Event: 15.848 Thread 0x00007f84840b8000 5004       1       com.android.repository.impl.generated.v1.RevisionType::getMinor (5 bytes)
Event: 15.848 Thread 0x00007f84840b8000 nmethod 5004 0x00007f8475e6a910 code [0x00007f8475e6aa60, 0x00007f8475e6ab70]
Event: 15.848 Thread 0x00007f84840b8000 5005       1       com.android.repository.impl.generated.v1.RevisionType::getMicro (5 bytes)
Event: 15.848 Thread 0x00007f84840b8000 nmethod 5005 0x00007f8475e6a650 code [0x00007f8475e6a7a0, 0x00007f8475e6a8b0]
Event: 15.848 Thread 0x00007f84840b8000 5006       1       com.android.repository.impl.generated.v1.RevisionType::getPreview (5 bytes)
Event: 15.849 Thread 0x00007f84840b8000 nmethod 5006 0x00007f8475e6de10 code [0x00007f8475e6df60, 0x00007f8475e6e070]

GC Heap History (10 events):
Event: 5.454 GC heap after
Heap after GC invocations=6 (full 0):
 PSYoungGen      total 108032K, used 2484K [0x00000000e0000000, 0x00000000e7300000, 0x0000000100000000)
  eden space 98304K, 0% used [0x00000000e0000000,0x00000000e0000000,0x00000000e6000000)
  from space 9728K, 25% used [0x00000000e6980000,0x00000000e6bed050,0x00000000e7300000)
  to   space 9728K, 0% used [0x00000000e6000000,0x00000000e6000000,0x00000000e6980000)
 ParOldGen       total 32768K, used 13607K [0x00000000a0000000, 0x00000000a2000000, 0x00000000e0000000)
  object space 32768K, 41% used [0x00000000a0000000,0x00000000a0d49c68,0x00000000a2000000)
 Metaspace       used 20585K, capacity 21032K, committed 21248K, reserved 1067008K
  class space    used 2852K, capacity 3005K, committed 3072K, reserved 1048576K
}
Event: 5.454 GC heap before
{Heap before GC invocations=7 (full 1):
 PSYoungGen      total 108032K, used 2484K [0x00000000e0000000, 0x00000000e7300000, 0x0000000100000000)
  eden space 98304K, 0% used [0x00000000e0000000,0x00000000e0000000,0x00000000e6000000)
  from space 9728K, 25% used [0x00000000e6980000,0x00000000e6bed050,0x00000000e7300000)
  to   space 9728K, 0% used [0x00000000e6000000,0x00000000e6000000,0x00000000e6980000)
 ParOldGen       total 32768K, used 13607K [0x00000000a0000000, 0x00000000a2000000, 0x00000000e0000000)
  object space 32768K, 41% used [0x00000000a0000000,0x00000000a0d49c68,0x00000000a2000000)
 Metaspace       used 20585K, capacity 21032K, committed 21248K, reserved 1067008K
  class space    used 2852K, capacity 3005K, committed 3072K, reserved 1048576K
Event: 5.556 GC heap after
Heap after GC invocations=7 (full 1):
 PSYoungGen      total 108032K, used 0K [0x00000000e0000000, 0x00000000e7300000, 0x0000000100000000)
  eden space 98304K, 0% used [0x00000000e0000000,0x00000000e0000000,0x00000000e6000000)
  from space 9728K, 0% used [0x00000000e6980000,0x00000000e6980000,0x00000000e7300000)
  to   space 9728K, 0% used [0x00000000e6000000,0x00000000e6000000,0x00000000e6980000)
 ParOldGen       total 37888K, used 13506K [0x00000000a0000000, 0x00000000a2500000, 0x00000000e0000000)
  object space 37888K, 35% used [0x00000000a0000000,0x00000000a0d30948,0x00000000a2500000)
 Metaspace       used 20585K, capacity 21032K, committed 21248K, reserved 1067008K
  class space    used 2852K, capacity 3005K, committed 3072K, reserved 1048576K
}
Event: 8.396 GC heap before
{Heap before GC invocations=8 (full 1):
 PSYoungGen      total 108032K, used 98304K [0x00000000e0000000, 0x00000000e7300000, 0x0000000100000000)
  eden space 98304K, 100% used [0x00000000e0000000,0x00000000e6000000,0x00000000e6000000)
  from space 9728K, 0% used [0x00000000e6980000,0x00000000e6980000,0x00000000e7300000)
  to   space 9728K, 0% used [0x00000000e6000000,0x00000000e6000000,0x00000000e6980000)
 ParOldGen       total 37888K, used 13506K [0x00000000a0000000, 0x00000000a2500000, 0x00000000e0000000)
  object space 37888K, 35% used [0x00000000a0000000,0x00000000a0d30948,0x00000000a2500000)
 Metaspace       used 27753K, capacity 28298K, committed 28672K, reserved 1073152K
  class space    used 3876K, capacity 4030K, committed 4096K, reserved 1048576K
Event: 8.436 GC heap after
Heap after GC invocations=8 (full 1):
 PSYoungGen      total 108032K, used 9726K [0x00000000e0000000, 0x00000000eb000000, 0x0000000100000000)
  eden space 98304K, 0% used [0x00000000e0000000,0x00000000e0000000,0x00000000e6000000)
  from space 9728K, 99% used [0x00000000e6000000,0x00000000e697f938,0x00000000e6980000)
  to   space 11776K, 0% used [0x00000000ea480000,0x00000000ea480000,0x00000000eb000000)
 ParOldGen       total 37888K, used 13776K [0x00000000a0000000, 0x00000000a2500000, 0x00000000e0000000)
  object space 37888K, 36% used [0x00000000a0000000,0x00000000a0d74148,0x00000000a2500000)
 Metaspace       used 27753K, capacity 28298K, committed 28672K, reserved 1073152K
  class space    used 3876K, capacity 4030K, committed 4096K, reserved 1048576K
}
Event: 11.731 GC heap before
{Heap before GC invocations=9 (full 1):
 PSYoungGen      total 108032K, used 99347K [0x00000000e0000000, 0x00000000eb000000, 0x0000000100000000)
  eden space 98304K, 91% used [0x00000000e0000000,0x00000000e5785698,0x00000000e6000000)
  from space 9728K, 99% used [0x00000000e6000000,0x00000000e697f938,0x00000000e6980000)
  to   space 11776K, 0% used [0x00000000ea480000,0x00000000ea480000,0x00000000eb000000)
 ParOldGen       total 37888K, used 13776K [0x00000000a0000000, 0x00000000a2500000, 0x00000000e0000000)
  object space 37888K, 36% used [0x00000000a0000000,0x00000000a0d74148,0x00000000a2500000)
 Metaspace       used 34577K, capacity 35224K, committed 35416K, reserved 1079296K
  class space    used 4698K, capacity 4962K, committed 4992K, reserved 1048576K
Event: 11.746 GC heap after
Heap after GC invocations=9 (full 1):
 PSYoungGen      total 161280K, used 10223K [0x00000000e0000000, 0x00000000eae80000, 0x0000000100000000)
  eden space 151040K, 0% used [0x00000000e0000000,0x00000000e0000000,0x00000000e9380000)
  from space 10240K, 99% used [0x00000000ea480000,0x00000000eae7bc40,0x00000000eae80000)
  to   space 13312K, 0% used [0x00000000e9480000,0x00000000e9480000,0x00000000ea180000)
 ParOldGen       total 37888K, used 13856K [0x00000000a0000000, 0x00000000a2500000, 0x00000000e0000000)
  object space 37888K, 36% used [0x00000000a0000000,0x00000000a0d88158,0x00000000a2500000)
 Metaspace       used 34577K, capacity 35224K, committed 35416K, reserved 1079296K
  class space    used 4698K, capacity 4962K, committed 4992K, reserved 1048576K
}
Event: 11.746 GC heap before
{Heap before GC invocations=10 (full 2):
 PSYoungGen      total 161280K, used 10223K [0x00000000e0000000, 0x00000000eae80000, 0x0000000100000000)
  eden space 151040K, 0% used [0x00000000e0000000,0x00000000e0000000,0x00000000e9380000)
  from space 10240K, 99% used [0x00000000ea480000,0x00000000eae7bc40,0x00000000eae80000)
  to   space 13312K, 0% used [0x00000000e9480000,0x00000000e9480000,0x00000000ea180000)
 ParOldGen       total 37888K, used 13856K [0x00000000a0000000, 0x00000000a2500000, 0x00000000e0000000)
  object space 37888K, 36% used [0x00000000a0000000,0x00000000a0d88158,0x00000000a2500000)
 Metaspace       used 34577K, capacity 35224K, committed 35416K, reserved 1079296K
  class space    used 4698K, capacity 4962K, committed 4992K, reserved 1048576K
Event: 11.943 GC heap after
Heap after GC invocations=10 (full 2):
 PSYoungGen      total 161280K, used 0K [0x00000000e0000000, 0x00000000eae80000, 0x0000000100000000)
  eden space 151040K, 0% used [0x00000000e0000000,0x00000000e0000000,0x00000000e9380000)
  from space 10240K, 0% used [0x00000000ea480000,0x00000000ea480000,0x00000000eae80000)
  to   space 13312K, 0% used [0x00000000e9480000,0x00000000e9480000,0x00000000ea180000)
 ParOldGen       total 49664K, used 16310K [0x00000000a0000000, 0x00000000a3080000, 0x00000000e0000000)
  object space 49664K, 32% used [0x00000000a0000000,0x00000000a0fed988,0x00000000a3080000)
 Metaspace       used 34577K, capacity 35224K, committed 35416K, reserved 1079296K
  class space    used 4698K, capacity 4962K, committed 4992K, reserved 1048576K
}
Event: 15.868 GC heap before
{Heap before GC invocations=11 (full 2):
 PSYoungGen      total 161280K, used 151040K [0x00000000e0000000, 0x00000000eae80000, 0x0000000100000000)
  eden space 151040K, 100% used [0x00000000e0000000,0x00000000e9380000,0x00000000e9380000)
  from space 10240K, 0% used [0x00000000ea480000,0x00000000ea480000,0x00000000eae80000)
  to   space 13312K, 0% used [0x00000000e9480000,0x00000000e9480000,0x00000000ea180000)
 ParOldGen       total 49664K, used 16310K [0x00000000a0000000, 0x00000000a3080000, 0x00000000e0000000)
  object space 49664K, 32% used [0x00000000a0000000,0x00000000a0fed988,0x00000000a3080000)
 Metaspace       used 45966K, capacity 46948K, committed 47192K, reserved 1089536K
  class space    used 6153K, capacity 6473K, committed 6528K, reserved 1048576K

Deoptimization events (10 events):
Event: 14.233 Thread 0x00007f8438007000 Uncommon trap: reason=bimorphic action=maybe_recompile pc=0x00007f8475a6ed1c method=org.codehaus.groovy.runtime.metaclass.MetaMethodIndex.addMethodToList(Ljava/lang/Object;Lgroovy/lang/MetaMethod;)Ljava/lang/Object; @ 130
Event: 14.233 Thread 0x00007f8438007000 Uncommon trap: reason=bimorphic action=maybe_recompile pc=0x00007f8475a6ed1c method=org.codehaus.groovy.runtime.metaclass.MetaMethodIndex.addMethodToList(Ljava/lang/Object;Lgroovy/lang/MetaMethod;)Ljava/lang/Object; @ 130
Event: 14.233 Thread 0x00007f8438007000 Uncommon trap: reason=bimorphic action=maybe_recompile pc=0x00007f8475a6ed1c method=org.codehaus.groovy.runtime.metaclass.MetaMethodIndex.addMethodToList(Ljava/lang/Object;Lgroovy/lang/MetaMethod;)Ljava/lang/Object; @ 130
Event: 14.770 Thread 0x00007f8438007000 Uncommon trap: reason=bimorphic action=maybe_recompile pc=0x00007f84756ac808 method=java.util.HashMap.removeNode(ILjava/lang/Object;Ljava/lang/Object;ZZ)Ljava/util/HashMap$Node; @ 68
Event: 14.771 Thread 0x00007f8438007000 Uncommon trap: reason=bimorphic action=maybe_recompile pc=0x00007f84756ac808 method=java.util.HashMap.removeNode(ILjava/lang/Object;Ljava/lang/Object;ZZ)Ljava/util/HashMap$Node; @ 68
Event: 14.842 Thread 0x00007f8438007000 Uncommon trap: reason=bimorphic action=maybe_recompile pc=0x00007f84758fcb14 method=java.util.HashMap.removeNode(ILjava/lang/Object;Ljava/lang/Object;ZZ)Ljava/util/HashMap$Node; @ 143
Event: 14.843 Thread 0x00007f8438007000 Uncommon trap: reason=bimorphic action=maybe_recompile pc=0x00007f84758fcb14 method=java.util.HashMap.removeNode(ILjava/lang/Object;Ljava/lang/Object;ZZ)Ljava/util/HashMap$Node; @ 143
Event: 15.073 Thread 0x00007f8438007000 Uncommon trap: reason=unstable_if action=reinterpret pc=0x00007f8475a222ac method=com.sun.org.apache.xerces.internal.impl.XMLEntityScanner.scanLiteral(ILcom/sun/org/apache/xerces/internal/xni/XMLString;Z)I @ 660
Event: 15.153 Thread 0x00007f8438007000 Uncommon trap: reason=unstable_if action=reinterpret pc=0x00007f8475aefbc4 method=java.util.WeakHashMap.remove(Ljava/lang/Object;)Ljava/lang/Object; @ 94
Event: 15.235 Thread 0x00007f8438007000 Uncommon trap: reason=unstable_if action=reinterpret pc=0x00007f8475a8b8f8 method=java.lang.Integer.parseInt(Ljava/lang/String;I)I @ 197

Classes redefined (0 events):
No events

Internal exceptions (10 events):
Event: 15.565 Thread 0x00007f8438007000 Exception <a 'sun/nio/fs/UnixException'> (0x00000000e863abd8) thrown at [/ssd/Android/AOSP-openjdk-git/jdk8u/hotspot/src/share/vm/prims/jni.cpp, line 709]
Event: 15.565 Thread 0x00007f8438007000 Exception <a 'sun/nio/fs/UnixException'> (0x00000000e863c080) thrown at [/ssd/Android/AOSP-openjdk-git/jdk8u/hotspot/src/share/vm/prims/jni.cpp, line 709]
Event: 15.567 Thread 0x00007f8438007000 Exception <a 'sun/nio/fs/UnixException'> (0x00000000e863f948) thrown at [/ssd/Android/AOSP-openjdk-git/jdk8u/hotspot/src/share/vm/prims/jni.cpp, line 709]
Event: 15.567 Thread 0x00007f8438007000 Exception <a 'sun/nio/fs/UnixException'> (0x00000000e8640dc8) thrown at [/ssd/Android/AOSP-openjdk-git/jdk8u/hotspot/src/share/vm/prims/jni.cpp, line 709]
Event: 15.568 Thread 0x00007f8438007000 Exception <a 'sun/nio/fs/UnixException'> (0x00000000e8644640) thrown at [/ssd/Android/AOSP-openjdk-git/jdk8u/hotspot/src/share/vm/prims/jni.cpp, line 709]
Event: 15.568 Thread 0x00007f8438007000 Exception <a 'sun/nio/fs/UnixException'> (0x00000000e8645ae8) thrown at [/ssd/Android/AOSP-openjdk-git/jdk8u/hotspot/src/share/vm/prims/jni.cpp, line 709]
Event: 15.568 Thread 0x00007f8438007000 Exception <a 'sun/nio/fs/UnixException'> (0x00000000e86497a0) thrown at [/ssd/Android/AOSP-openjdk-git/jdk8u/hotspot/src/share/vm/prims/jni.cpp, line 709]
Event: 15.568 Thread 0x00007f8438007000 Exception <a 'sun/nio/fs/UnixException'> (0x00000000e864abf0) thrown at [/ssd/Android/AOSP-openjdk-git/jdk8u/hotspot/src/share/vm/prims/jni.cpp, line 709]
Event: 15.568 Thread 0x00007f8438007000 Exception <a 'sun/nio/fs/UnixException'> (0x00000000e864cad8) thrown at [/ssd/Android/AOSP-openjdk-git/jdk8u/hotspot/src/share/vm/prims/jni.cpp, line 709]
Event: 15.568 Thread 0x00007f8438007000 Exception <a 'sun/nio/fs/UnixException'> (0x00000000e864df38) thrown at [/ssd/Android/AOSP-openjdk-git/jdk8u/hotspot/src/share/vm/prims/jni.cpp, line 709]

Events (10 events):
Event: 15.714 Thread 0x00007f8438007000 DEOPT UNPACKING pc=0x00007f8475047373 sp=0x00007f844f2ed6a8 mode 0
Event: 15.727 Thread 0x00007f8438007000 DEOPT PACKING pc=0x00007f8475db6dea sp=0x00007f844f2ed900
Event: 15.727 Thread 0x00007f8438007000 DEOPT UNPACKING pc=0x00007f8475047373 sp=0x00007f844f2ed6a8 mode 0
Event: 15.753 Thread 0x00007f8438007000 DEOPT PACKING pc=0x00007f8475db6dea sp=0x00007f844f2ed900
Event: 15.753 Thread 0x00007f8438007000 DEOPT UNPACKING pc=0x00007f8475047373 sp=0x00007f844f2ed6a8 mode 0
Event: 15.849 loading class com/android/builder/sdk/SdkInfo
Event: 15.850 loading class com/android/builder/sdk/SdkInfo done
Event: 15.862 loading class com/android/SdkConstants
Event: 15.862 loading class com/android/SdkConstants done
Event: 15.866 Executing VM operation: ParallelGCFailedAllocation


Dynamic libraries:
00400000-00401000 r-xp 00000000 08:01 559367                             /home/student/Android/android-studio/jre/bin/java
00600000-00601000 r--p 00000000 08:01 559367                             /home/student/Android/android-studio/jre/bin/java
00601000-00602000 rw-p 00001000 08:01 559367                             /home/student/Android/android-studio/jre/bin/java
00e0e000-00e2f000 rw-p 00000000 00:00 0                                  [heap]
a0000000-a3080000 rw-p 00000000 00:00 0 
a3080000-e0000000 ---p 00000000 00:00 0 
e0000000-eae80000 rw-p 00000000 00:00 0 
eda00000-100000000 ---p 00000000 00:00 0 
100000000-100660000 rw-p 00000000 00:00 0 
100660000-140000000 ---p 00000000 00:00 0 
7f842c000000-7f842d0b0000 rw-p 00000000 00:00 0 
7f842d0b0000-7f8430000000 ---p 00000000 00:00 0 
7f8434000000-7f8434021000 rw-p 00000000 00:00 0 
7f8434021000-7f8438000000 ---p 00000000 00:00 0 
7f8438000000-7f8438286000 rw-p 00000000 00:00 0 
7f8438286000-7f843c000000 ---p 00000000 00:00 0 
7f843c000000-7f843c7c4000 rw-p 00000000 00:00 0 
7f843c7c4000-7f8440000000 ---p 00000000 00:00 0 
7f8440000000-7f84400a0000 rw-p 00000000 00:00 0 
7f84400a0000-7f8444000000 ---p 00000000 00:00 0 
7f8444000000-7f8444021000 rw-p 00000000 00:00 0 
7f8444021000-7f8448000000 ---p 00000000 00:00 0 
7f8448000000-7f8448021000 rw-p 00000000 00:00 0 
7f8448021000-7f844c000000 ---p 00000000 00:00 0 
7f844c4be000-7f844c67e000 rw-p 00000000 00:00 0 
7f844c67e000-7f844c6be000 ---p 00000000 00:00 0 
7f844c6be000-7f844c6d0000 r--s 00345000 08:01 559442                     /home/student/Android/android-studio/jre/jre/lib/resources.jar
7f844c6d0000-7f844c8d0000 rw-p 00000000 00:00 0 
7f844c8d0000-7f844cad0000 rw-p 00000000 00:00 0 
7f844cad0000-7f844cad3000 r--s 00015000 08:01 559441                     /home/student/Android/android-studio/jre/jre/lib/jce.jar
7f844cad3000-7f844ccd3000 rw-p 00000000 00:00 0 
7f844ccd3000-7f844ccd6000 ---p 00000000 00:00 0 
7f844ccd6000-7f844cfd4000 rw-p 00000000 00:00 0 
7f844cfd4000-7f844d1ca000 rw-p 00000000 00:00 0 
7f844d1ca000-7f844d1d4000 ---p 00000000 00:00 0 
7f844d1d4000-7f844d1df000 r--s 00081000 08:01 171217                     /home/student/.gradle/caches/jars-3/fc6e889a0f45cc9752787eb60f920103/trove4j-20160824.jar
7f844d1df000-7f844d262000 r--s 00758000 08:01 171215                     /home/student/.gradle/caches/jars-3/b46ab84062ddfd52701cfe0a9718e764/intellij-core-26.0.1.jar
7f844d262000-7f844d268000 r--s 00033000 08:01 171213                     /home/student/.gradle/caches/jars-3/f96c897d327ea500d64fe3af2833bd50/commons-codec-1.6.jar
7f844d268000-7f844d26a000 r--s 0000d000 08:01 816011                     /home/student/.gradle/caches/jars-3/ccc849edcf9fccd61ed937bf93ffe896/commons-logging-1.1.1.jar
7f844d26a000-7f844d270000 r--s 00032000 08:01 816010                     /home/student/.gradle/caches/jars-3/72e344059d1923829968d0d38b0c3c72/httpcore-4.2.5.jar
7f844d270000-7f844d271000 r--s 00004000 08:01 816009                     /home/student/.gradle/caches/jars-3/3a4299d1ce3e273e7c03a9ccf5a1e333/annotations-12.0.jar
7f844d271000-7f844d272000 r--s 00000000 08:01 816008                     /home/student/.gradle/caches/jars-3/0e2fbc3b8c56d2975eca90c524790c13/animal-sniffer-annotations-1.14.jar
7f844d272000-7f844d274000 r--s 00001000 08:01 816007                     /home/student/.gradle/caches/jars-3/ad41f8f3ac67c0323ce9eb1c20c8dc3f/j2objc-annotations-1.1.jar
7f844d274000-7f844d275000 r--s 00002000 08:01 816006                     /home/student/.gradle/caches/jars-3/9edb0f46b907c34c4718edabde6c791c/error_prone_annotations-2.0.18.jar
7f844d275000-7f844d278000 r--s 00006000 08:01 816005                     /home/student/.gradle/caches/jars-3/b58a9bc3bbba42132e4abc0bacae8da1/jsr305-1.3.9.jar
7f844d278000-7f844d279000 r--s 0000a000 08:01 816004                     /home/student/.gradle/caches/jars-3/5b8b36ed61fe92731031cca3c9b3a0b3/kxml2-2.3.0.jar
7f844d279000-7f844d27b000 r--s 00005000 08:01 816003                     /home/student/.gradle/caches/jars-3/f10e1e1978816198f2eb1189c974b440/httpmime-4.1.jar
7f844d27b000-7f844d285000 r--s 00061000 08:01 816002                     /home/student/.gradle/caches/jars-3/bc4b2527f35dc983f759e8f85f3f8d52/httpclient-4.2.6.jar
7f844d285000-7f844d28e000 r--s 00064000 08:01 816001                     /home/student/.gradle/caches/jars-3/fc37c717528c2a0d27f3e3621835f781/commons-compress-1.12.jar
7f844d28e000-7f844d293000 r--s 0002e000 08:01 816000                     /home/student/.gradle/caches/jars-3/c5bcda7f6f4809e9c92270f99e51f154/gson-2.3.jar
7f844d293000-7f844d2a3000 r--s 000d6000 08:01 815999                     /home/student/.gradle/caches/jars-3/dbdb8caed2514263a34702cc763c6785/proguard-base-5.3.3.jar
7f844d2a3000-7f844d2a5000 r--s 00003000 08:01 815998                     /home/student/.gradle/caches/jars-3/01ab8600ebbfdcaf9b89b45c2b992e82/annotations-13.0.jar
7f844d2a5000-7f844d2a6000 r--s 00001000 08:01 815997                     /home/student/.gradle/caches/jars-3/dccac9b7f67766e57200b1770178f61c/annotations-26.0.1.jar
7f844d2a6000-7f844d2a9000 r--s 00033000 08:01 815996                     /home/student/.gradle/caches/jars-3/0ce03714647bf7bd3c78634c20ddbf38/juniversalchardet-1.0.3.jar
7f844d2a9000-7f844d2ad000 r--s 0002a000 08:01 815995                     /home/student/.gradle/caches/jars-3/9849af6d4b0409ba64061601342f385d/commons-io-2.4.jar
7f844d2ad000-7f844d2c4000 r--s 00154000 08:01 815994                     /home/student/.gradle/caches/jars-3/57adf9abd30c921d4ea1dfdcfe7b9efd/antlr4-4.5.3.jar
7f844d2c4000-7f844d2c5000 r--s 00003000 08:01 815993                     /home/student/.gradle/caches/jars-3/54a15dd332fd4c2e246ad396835dc0d2/baseLibrary-3.0.1.jar
7f844d2c5000-7f844d2f5000 r--s 00245000 08:01 815992                     /home/student/.gradle/caches/jars-3/8e27cdebb49ba2f804f9403d90aaaac5/guava-22.0.jar
7f844d2f5000-7f844d2fd000 r--s 000a8000 08:01 815991                     /home/student/.gradle/caches/jars-3/6cc57ce9ec0d90186f781694264d61bc/lombok-ast-0.2.3.jar
7f844d2fd000-7f844d301000 r--s 0002f000 08:01 815990                     /home/student/.gradle/caches/jars-3/505fcc8c47da308b2f1262f0ff3c65f1/jimfs-1.1.jar
7f844d301000-7f844d314000 r--s 00241000 08:01 815989                     /home/student/.gradle/caches/jars-3/d8dc71eb6d91c966c45f7b594129e14a/ecj-4.6.1.jar
7f844d314000-7f844d315000 r--s 00003000 08:01 815988                     /home/student/.gradle/caches/jars-3/fdb8f5ebd6a086c4818336712b830716/json-simple-1.1.jar
7f844d315000-7f844d43a000 r--s 00f5d000 08:01 815987                     /home/student/.gradle/caches/jars-3/dfd566a90e18a0aa75879c33e0731ab8/fastutil-7.2.0.jar
7f844d43a000-7f844d485000 r--s 002ff000 08:01 815986                     /home/student/.gradle/caches/jars-3/d3d44e9a7fcb4a86fb40775c385dd3d0/bcprov-jdk15on-1.56.jar
7f844d485000-7f844d496000 r--s 00097000 08:01 815985                     /home/student/.gradle/caches/jars-3/59ebb77d99c5ca0e24bb23272e0329dd/bcpkix-jdk15on-1.56.jar
7f844d496000-7f844d498000 r--s 00002000 08:01 815984                     /home/student/.gradle/caches/jars-3/f268e5e8fc83bb846ac355d6a16b1f30/javawriter-2.5.0.jar
7f844d498000-7f844d49d000 r--s 0003b000 08:01 815983                     /home/student/.gradle/caches/jars-3/91bf67441f6ac57ccbb374f99f9ed0fc/apksig-3.0.1.jar
7f844d49d000-7f844d4a0000 r--s 00024000 08:01 815982                     /home/student/.gradle/caches/jars-3/04183dcd1bde85515b23d1bbd46ea9bc/common-26.0.1.jar
7f844d4a0000-7f844d4a2000 r--s 00006000 08:01 815981                     /home/student/.gradle/caches/jars-3/a0ea702af2bdb16dfa1a50969b155dea/dvlib-26.0.1.jar
7f844d4a2000-7f844d4a5000 r--s 00014000 08:01 722665                     /home/student/.gradle/caches/jars-3/6abb718b4b844aa0386163f0c2f6eb72/layoutlib-api-26.0.1.jar
7f844d4a5000-7f844d4aa000 r--s 0004d000 08:01 722663                     /home/student/.gradle/caches/jars-3/65a80584522712b8832b7c1c03186c4b/ddmlib-26.0.1.jar
7f844d4aa000-7f844d4ab000 r--s 00003000 08:01 722661                     /home/student/.gradle/caches/jars-3/af01854c900e4906a368ef59064a245d/builder-test-api-3.0.1.jar
7f844d4ab000-7f844d4ae000 r--s 00007000 08:01 722659                     /home/student/.gradle/caches/jars-3/124ec36ab4edce0919b54d1123daa364/builder-model-3.0.1.jar
7f844d4ae000-7f844d4bd000 r--s 00130000 08:01 815980                     /home/student/.gradle/caches/jars-3/72ba1443c6adcea1f6ba21e12f0bb0fc/protobuf-java-3.0.0.jar
7f844d4bd000-7f844d4d0000 r--s 001a8000 08:01 815979                     /home/student/.gradle/caches/jars-3/a1cbdfb97e256e71fcbd29dc4584a785/protos-26.0.1.jar
7f844d4d0000-7f844d4d1000 r--s 00005000 08:01 815978                     /home/student/.gradle/caches/jars-3/ca5180624b528b15325a5d002dbfbb6d/shared-26.0.1.jar
7f844d4d1000-7f844d4d3000 r--s 00004000 08:01 815977                     /home/student/.gradle/caches/jars-3/07f12c2b6f66ca8d4d6bd02e9c9b060a/tracker-26.0.1.jar
7f844d4d3000-7f844d4d5000 r--s 00002000 08:01 815976                     /home/student/.gradle/caches/jars-3/e91624d2ed1c3b55eec9fd768ed13c1d/proguard-gradle-5.3.3.jar
7f844d4d5000-7f844d4d9000 r--s 0001e000 08:01 815974                     /home/student/.gradle/caches/jars-3/0d3e95aba631209a078aeec58a76633d/org.jacoco.core-0.7.4.201502262128.jar
7f844d4d9000-7f844d4dc000 r--s 00020000 08:01 815973                     /home/student/.gradle/caches/jars-3/c72fc284d34f39eab57a4e3ba83405e9/org.jacoco.report-0.7.4.201502262128.jar
7f844d4dc000-7f844d50e000 r--s 0021b000 08:01 815965                     /home/student/.gradle/caches/jars-3/24b2127528a18b338af82ff7ea236d45/kotlin-reflect-1.1.3-2.jar
7f844d50e000-7f844d70e000 rw-p 00000000 00:00 0 
7f844d70e000-7f844d711000 ---p 00000000 00:00 0 
7f844d711000-7f844d80f000 rw-p 00000000 00:00 0 
7f844d80f000-7f844d812000 ---p 00000000 00:00 0 
7f844d812000-7f844db10000 rw-p 00000000 00:00 0 
7f844db10000-7f844db13000 ---p 00000000 00:00 0 
7f844db13000-7f844de11000 rw-p 00000000 00:00 0 
7f844de11000-7f844e011000 rw-p 00000000 00:00 0 
7f844e011000-7f844e211000 rw-p 00000000 00:00 0 
7f844e211000-7f844e411000 rw-p 00000000 00:00 0 
7f844e411000-7f844e52c000 r--s 02008000 08:01 787816                     /home/student/.gradle/caches/jars-3/9955734f77abc673a38c7cd4c0214af5/android.jar
7f844e52c000-7f844e533000 r--s 0002a000 08:01 171171                     /home/student/.gradle/caches/jars-3/fff47aec37b967e571b648d1fc9c6db6/gradle-messaging-3.5.jar
7f844e533000-7f844e538000 r--s 00041000 08:01 171169                     /home/student/.gradle/caches/jars-3/c0502f5c2cf6dfd52d250e1b7d027d24/commons-lang-2.6.jar
7f844e538000-7f844e57a000 r--s 00220000 08:01 815935                     /home/student/.gradle/caches/jars-3/929747bc6b973b44297e9c57df71598d/gradle-core-3.5.jar
7f844e57a000-7f844e583000 r--s 00047000 08:01 815933                     /home/student/.gradle/caches/jars-3/11d06a5dce89fe5632250b7df00a3d57/gradle-base-services-3.5.jar
7f844e583000-7f844e5ab000 r--s 001cf000 08:01 815931                     /home/student/.gradle/caches/jars-3/566e7e0f530f75a42eba4833ef84d88c/guava-jdk5-17.0.jar
7f844e5ab000-7f844e5b9000 r--s 00043000 08:01 815929                     /home/student/.gradle/caches/jars-3/c0d1da18a547ef3a2ba66d3068ae6e09/gradle-tooling-api-3.5.jar
7f844e5b9000-7f844e5bb000 r--s 0000f000 08:01 815975                     /home/student/.gradle/caches/jars-3/96760c32d36a5d7066e3ccf088bfd362/jopt-simple-4.9.jar
7f844e5bb000-7f844e5bd000 r--s 0000c000 08:01 815972                     /home/student/.gradle/caches/jars-3/9b0a36633c92c6e87e62c81734593183/asm-5.1.jar
7f844e5bd000-7f844e5bf000 r--s 00006000 08:01 815971                     /home/student/.gradle/caches/jars-3/50c8a7da333c41693b2b7ce95b6d9d89/asm-tree-5.1.jar
7f844e5bf000-7f844e5c0000 r--s 0000a000 08:01 815970                     /home/student/.gradle/caches/jars-3/c4f1f1d5a624f981d35a78d181e2c418/asm-util-5.1.jar
7f844e5c0000-7f844e5c2000 r--s 0000a000 08:01 815969                     /home/student/.gradle/caches/jars-3/d37aa405961c464c627b1efe5def81b8/asm-commons-5.1.jar
7f844e5c2000-7f844e5c3000 r--s 00004000 08:01 815968                     /home/student/.gradle/caches/jars-3/2b2689d10a4425b1cb2d0654db2ea088/asm-analysis-5.1.jar
7f844e5c3000-7f844e5c4000 r--s 00000000 08:01 815967                     /home/student/.gradle/caches/jars-3/5206138fb8a6b2ffbd31e140916c2100/transform-api-2.0.0-deprecated-use-gradle-api.jar
7f844e5c4000-7f844e5d3000 r--s 000c8000 08:01 815966                     /home/student/.gradle/caches/jars-3/af931fae44e009148423077fa09abbd1/kotlin-stdlib-1.1.3-2.jar
7f844e5d3000-7f844e5d9000 r--s 00030000 08:01 815964                     /home/student/.gradle/caches/jars-3/90ec49f8b88710e2876aefe447609abb/repository-26.0.1.jar
7f844e5d9000-7f844e5e4000 r--s 0009b000 08:01 815963                     /home/student/.gradle/caches/jars-3/af771564c510a1c104220a8be892ab2d/sdklib-26.0.1.jar
7f844e5e4000-7f844e5f3000 r--s 000da000 08:01 815962                     /home/student/.gradle/caches/jars-3/50767da85151ce151711c301f4a0623c/sdk-common-26.0.1.jar
7f844e5f3000-7f844e5f7000 r--s 00023000 08:01 815961                     /home/student/.gradle/caches/jars-3/186e268c3a12c0a405d658dabf9d64d2/manifest-merger-26.0.1.jar
7f844e5f7000-7f844e5fb000 r--s 0002e000 08:01 815960                     /home/student/.gradle/caches/jars-3/c519ce7b2f3637e909703f541c08c445/compilerCommon-3.0.1.jar
7f844e5fb000-7f844e5fd000 r--s 00003000 08:01 815959                     /home/student/.gradle/caches/jars-3/34cfdbf6cad3f54cc2f45521bf0374e7/gradle-api-3.0.1.jar
7f844e5fd000-7f844e60c000 r--s 000cb000 08:01 815958                     /home/student/.gradle/caches/jars-3/e5c09abb4b0acf0785ecd8a8015ab959/uast-26.0.1.jar
7f844e60c000-7f844e613000 r--s 0007f000 08:01 815957                     /home/student/.gradle/caches/jars-3/b1f5a73634581e955e7f89376aea2d48/lint-api-26.0.1.jar
7f844e613000-7f844e61c000 r--s 000ff000 08:01 815956                     /home/student/.gradle/caches/jars-3/75e696a5531ca85e1fe447df83f74bd2/lint-checks-26.0.1.jar
7f844e61c000-7f844e61f000 r--s 00039000 08:01 815955                     /home/student/.gradle/caches/jars-3/7fa6c4fcdd1d81db4cc9c7439ce29486/lint-26.0.1.jar
7f844e61f000-7f844e64f000 r--s 01983000 08:01 815954                     /home/student/.gradle/caches/jars-3/add7f1627b730db059119a8274a10c21/builder-3.0.1.jar
7f844e64f000-7f844e672000 r--s 0020b000 08:01 815953                     /home/student/.gradle/caches/jars-3/4adae2b762c8552c6e3aa2ded1493e4b/gradle-core-3.0.1.jar
7f844e672000-7f844e674000 r--s 0000f000 08:01 815952                     /home/student/.gradle/caches/jars-3/afd86a0d8507fd7f2e97461eaf9e4416/gradle-3.0.1.jar
7f844e674000-7f844e874000 rw-p 00000000 00:00 0 
7f844e874000-7f844e8ed000 r--s 010fd000 08:01 559417                     /home/student/Android/android-studio/jre/lib/tools.jar
7f844e8ed000-7f844e8f0000 ---p 00000000 00:00 0 
7f844e8f0000-7f844ebee000 rw-p 00000000 00:00 0 
7f844ebee000-7f844ebf1000 ---p 00000000 00:00 0 
7f844ebf1000-7f844ecef000 rw-p 00000000 00:00 0 
7f844ecef000-7f844ecf2000 ---p 00000000 00:00 0 
7f844ecf2000-7f844eff0000 rw-p 00000000 00:00 0 
7f844eff0000-7f844eff3000 ---p 00000000 00:00 0 
7f844eff3000-7f844f0f1000 rw-p 00000000 00:00 0 
7f844f0f1000-7f844f0f4000 ---p 00000000 00:00 0 
7f844f0f4000-7f844f1f2000 rw-p 00000000 00:00 0 
7f844f1f2000-7f844f1f5000 ---p 00000000 00:00 0 
7f844f1f5000-7f844f2f3000 rw-p 00000000 00:00 0 
7f844f2f3000-7f844f2f6000 ---p 00000000 00:00 0 
7f844f2f6000-7f844f3f4000 rw-p 00000000 00:00 0 
7f844f3f4000-7f844f3f7000 ---p 00000000 00:00 0 
7f844f3f7000-7f844f4f5000 rw-p 00000000 00:00 0 
7f844f4f5000-7f844f4f8000 ---p 00000000 00:00 0 
7f844f4f8000-7f844f5f6000 rw-p 00000000 00:00 0 
7f844f5f6000-7f844f5f9000 ---p 00000000 00:00 0 
7f844f5f9000-7f844f6f7000 rw-p 00000000 00:00 0 
7f844f6f7000-7f844f6fe000 r--s 00000000 08:01 394748                     /usr/lib/x86_64-linux-gnu/gconv/gconv-modules.cache
7f844f6fe000-7f844f701000 ---p 00000000 00:00 0 
7f844f701000-7f844f7ff000 rw-p 00000000 00:00 0 
7f844f7ff000-7f844f804000 r--s 0009a000 08:01 559507                     /home/student/Android/android-studio/jre/jre/lib/jsse.jar
7f844f804000-7f844fa04000 rw-p 00000000 00:00 0 
7f844fa04000-7f844fa0d000 r-xp 00000000 08:01 559487                     /home/student/Android/android-studio/jre/jre/lib/amd64/libmanagement.so
7f844fa0d000-7f844fc0c000 ---p 00009000 08:01 559487                     /home/student/Android/android-studio/jre/jre/lib/amd64/libmanagement.so
7f844fc0c000-7f844fc0d000 r--p 00008000 08:01 559487                     /home/student/Android/android-studio/jre/jre/lib/amd64/libmanagement.so
7f844fc0d000-7f844fc0e000 rw-p 00009000 08:01 559487                     /home/student/Android/android-studio/jre/jre/lib/amd64/libmanagement.so
7f844fc0e000-7f844fc10000 r--s 00007000 08:01 422909                     /home/student/.gradle/wrapper/dists/gradle-4.1-all/bzyivzo6n839fup2jbap0tjew/gradle-4.1/lib/plugins/gradle-tooling-api-builders-4.1.jar
7f844fc10000-7f844fc13000 r--s 00009000 08:01 422919                     /home/student/.gradle/wrapper/dists/gradle-4.1-all/bzyivzo6n839fup2jbap0tjew/gradle-4.1/lib/plugins/gradle-testing-native-4.1.jar
7f844fc13000-7f844fc15000 r--s 00009000 08:01 422992                     /home/student/.gradle/wrapper/dists/gradle-4.1-all/bzyivzo6n839fup2jbap0tjew/gradle-4.1/lib/plugins/hamcrest-core-1.3.jar
7f844fc15000-7f844fc1a000 r--s 00040000 08:01 422987                     /home/student/.gradle/wrapper/dists/gradle-4.1-all/bzyivzo6n839fup2jbap0tjew/gradle-4.1/lib/plugins/bsh-2.0b4.jar
7f844fc1a000-7f844fc1c000 r--s 00006000 08:01 422988                     /home/student/.gradle/wrapper/dists/gradle-4.1-all/bzyivzo6n839fup2jbap0tjew/gradle-4.1/lib/plugins/jcommander-1.12.jar
7f844fc1c000-7f844fc22000 r--s 00033000 08:01 422989                     /home/student/.gradle/wrapper/dists/gradle-4.1-all/bzyivzo6n839fup2jbap0tjew/gradle-4.1/lib/plugins/snakeyaml-1.6.jar
7f844fc22000-7f844fc2b000 r--s 00089000 08:01 422947                     /home/student/.gradle/wrapper/dists/gradle-4.1-all/bzyivzo6n839fup2jbap0tjew/gradle-4.1/lib/plugins/testng-6.3.1.jar
7f844fc2b000-7f844fc33000 r--s 00045000 08:01 422948                     /home/student/.gradle/wrapper/dists/gradle-4.1-all/bzyivzo6n839fup2jbap0tjew/gradle-4.1/lib/plugins/junit-4.12.jar
7f844fc33000-7f844fc39000 r--s 0002e000 08:01 422915                     /home/student/.gradle/wrapper/dists/gradle-4.1-all/bzyivzo6n839fup2jbap0tjew/gradle-4.1/lib/plugins/gradle-testing-jvm-4.1.jar
7f844fc39000-7f844fc3d000 r--s 00017000 08:01 422923                     /home/student/.gradle/wrapper/dists/gradle-4.1-all/bzyivzo6n839fup2jbap0tjew/gradle-4.1/lib/plugins/gradle-testing-base-4.1.jar
7f844fc3d000-7f844fc44000 r--s 00038000 08:01 422943                     /home/student/.gradle/wrapper/dists/gradle-4.1-all/bzyivzo6n839fup2jbap0tjew/gradle-4.1/lib/plugins/bcpg-jdk15on-1.51.jar
7f844fc44000-7f844fc46000 r--s 0000c000 08:01 422894                     /home/student/.gradle/wrapper/dists/gradle-4.1-all/bzyivzo6n839fup2jbap0tjew/gradle-4.1/lib/plugins/gradle-signing-4.1.jar
7f844fc46000-7f844fc48000 r--s 00007000 08:01 422900                     /home/student/.gradle/wrapper/dists/gradle-4.1-all/bzyivzo6n839fup2jbap0tjew/gradle-4.1/lib/plugins/gradle-scala-4.1.jar
7f844fc48000-7f844fc49000 r--s 00004000 08:01 422931                     /home/student/.gradle/wrapper/dists/gradle-4.1-all/bzyivzo6n839fup2jbap0tjew/gradle-4.1/lib/plugins/gradle-resources-sftp-4.1.jar
7f844fc49000-7f844fc59000 r--s 00088000 08:01 422960                     /home/student/.gradle/wrapper/dists/gradle-4.1-all/bzyivzo6n839fup2jbap0tjew/gradle-4.1/lib/plugins/joda-time-2.8.2.jar
7f844fc59000-7f844fc6a000 r--s 0010d000 08:01 422959                     /home/student/.gradle/wrapper/dists/gradle-4.1-all/bzyivzo6n839fup2jbap0tjew/gradle-4.1/lib/plugins/jackson-databind-2.6.6.jar
7f844fc6a000-7f844fc6d000 r--s 00009000 08:01 422958                     /home/student/.gradle/wrapper/dists/gradle-4.1-all/bzyivzo6n839fup2jbap0tjew/gradle-4.1/lib/plugins/jackson-annotations-2.6.6.jar
7f844fc6d000-7f844fc71000 r--s 0003c000 08:01 422957                     /home/student/.gradle/wrapper/dists/gradle-4.1-all/bzyivzo6n839fup2jbap0tjew/gradle-4.1/lib/plugins/jackson-core-2.6.6.jar
7f844fc71000-7f844fc7f000 r--s 00087000 08:01 422956                     /home/student/.gradle/wrapper/dists/gradle-4.1-all/bzyivzo6n839fup2jbap0tjew/gradle-4.1/lib/plugins/aws-java-sdk-core-1.11.6.jar
7f844fc7f000-7f844fc86000 r--s 00057000 08:01 422955                     /home/student/.gradle/wrapper/dists/gradle-4.1-all/bzyivzo6n839fup2jbap0tjew/gradle-4.1/lib/plugins/aws-java-sdk-kms-1.11.6.jar
7f844fc86000-7f844fc93000 r--s 0008e000 08:01 422954                     /home/student/.gradle/wrapper/dists/gradle-4.1-all/bzyivzo6n839fup2jbap0tjew/gradle-4.1/lib/plugins/aws-java-sdk-s3-1.11.6.jar
7f844fc93000-7f844fc95000 r--s 00004000 08:01 422928                     /home/student/.gradle/wrapper/dists/gradle-4.1-all/bzyivzo6n839fup2jbap0tjew/gradle-4.1/lib/plugins/gradle-resources-s3-4.1.jar
7f844fc95000-7f844fc97000 r--s 00010000 08:01 422924                     /home/student/.gradle/wrapper/dists/gradle-4.1-all/bzyivzo6n839fup2jbap0tjew/gradle-4.1/lib/plugins/gradle-reporting-4.1.jar
7f844fc97000-7f844fc99000 r--s 00002000 08:01 422925                     /home/student/.gradle/wrapper/dists/gradle-4.1-all/bzyivzo6n839fup2jbap0tjew/gradle-4.1/lib/plugins/gradle-publish-4.1.jar
7f844fc99000-7f844fc9b000 r--s 00009000 08:01 422936                     /home/student/.gradle/wrapper/dists/gradle-4.1-all/bzyivzo6n839fup2jbap0tjew/gradle-4.1/lib/plugins/commons-cli-1.2.jar
7f844fc9b000-7f844fca1000 r--s 00036000 08:01 422908                     /home/student/.gradle/wrapper/dists/gradle-4.1-all/bzyivzo6n839fup2jbap0tjew/gradle-4.1/lib/plugins/gradle-plugins-4.1.jar
7f844fca1000-7f844fca3000 r--s 00009000 08:01 422895                     /home/student/.gradle/wrapper/dists/gradle-4.1-all/bzyivzo6n839fup2jbap0tjew/gradle-4.1/lib/plugins/gradle-plugin-development-4.1.jar
7f844fca3000-7f844fca9000 r--s 0002b000 08:01 422903                     /home/student/.gradle/wrapper/dists/gradle-4.1-all/bzyivzo6n839fup2jbap0tjew/gradle-4.1/lib/plugins/gradle-platform-play-4.1.jar
7f844fca9000-7f844fcb8000 r--s 0005b000 08:01 422921                     /home/student/.gradle/wrapper/dists/gradle-4.1-all/bzyivzo6n839fup2jbap0tjew/gradle-4.1/lib/plugins/gradle-platform-native-4.1.jar
7f844fcb8000-7f844fcbc000 r--s 0001b000 08:01 422918                     /home/student/.gradle/wrapper/dists/gradle-4.1-all/bzyivzo6n839fup2jbap0tjew/gradle-4.1/lib/plugins/gradle-platform-jvm-4.1.jar
7f844fcbc000-7f844fcc4000 r--s 00027000 08:01 422926                     /home/student/.gradle/wrapper/dists/gradle-4.1-all/bzyivzo6n839fup2jbap0tjew/gradle-4.1/lib/plugins/gradle-platform-base-4.1.jar
7f844fcc4000-7f844fcec000 r--s 0021c000 08:01 422937                     /home/student/.gradle/wrapper/dists/gradle-4.1-all/bzyivzo6n839fup2jbap0tjew/gradle-4.1/lib/plugins/biz.aQute.bndlib-3.2.0.jar
7f844fcec000-7f844fced000 r--s 00004000 08:01 422893                     /home/student/.gradle/wrapper/dists/gradle-4.1-all/bzyivzo6n839fup2jbap0tjew/gradle-4.1/lib/plugins/gradle-osgi-4.1.jar
7f844fced000-7f844fcf0000 r--s 0000c000 08:01 422940                     /home/student/.gradle/wrapper/dists/gradle-4.1-all/bzyivzo6n839fup2jbap0tjew/gradle-4.1/lib/plugins/pmaven-groovy-0.8-20100325.jar
7f844fcf0000-7f844fcf1000 r--s 00004000 08:01 422939                     /home/student/.gradle/wrapper/dists/gradle-4.1-all/bzyivzo6n839fup2jbap0tjew/gradle-4.1/lib/plugins/pmaven-common-0.8-20100325.jar
7f844fcf1000-7f844fcf7000 r--s 00023000 08:01 422896                     /home/student/.gradle/wrapper/dists/gradle-4.1-all/bzyivzo6n839fup2jbap0tjew/gradle-4.1/lib/plugins/gradle-maven-4.1.jar
7f844fcf7000-7f844fcfa000 r--s 0000b000 08:01 422914                     /home/student/.gradle/wrapper/dists/gradle-4.1-all/bzyivzo6n839fup2jbap0tjew/gradle-4.1/lib/plugins/gradle-language-scala-4.1.jar
7f844fcfa000-7f844fd01000 r--s 00020000 08:01 422920                     /home/student/.gradle/wrapper/dists/gradle-4.1-all/bzyivzo6n839fup2jbap0tjew/gradle-4.1/lib/plugins/gradle-language-native-4.1.jar
7f844fd01000-7f844fd03000 r--s 00005000 08:01 422917                     /home/student/.gradle/wrapper/dists/gradle-4.1-all/bzyivzo6n839fup2jbap0tjew/gradle-4.1/lib/plugins/gradle-language-jvm-4.1.jar
7f844fd03000-7f844fd0a000 r--s 0002f000 08:01 422916                     /home/student/.gradle/wrapper/dists/gradle-4.1-all/bzyivzo6n839fup2jbap0tjew/gradle-4.1/lib/plugins/gradle-language-java-4.1.jar
7f844fd0a000-7f844fd0d000 r--s 0000a000 08:01 422913                     /home/student/.gradle/wrapper/dists/gradle-4.1-all/bzyivzo6n839fup2jbap0tjew/gradle-4.1/lib/plugins/gradle-language-groovy-4.1.jar
7f844fd0d000-7f844fd14000 r--s 00035000 08:01 422946                     /home/student/.gradle/wrapper/dists/gradle-4.1-all/bzyivzo6n839fup2jbap0tjew/gradle-4.1/lib/plugins/simple-4.1.21.jar
7f844fd14000-7f844fd20000 r--s 00100000 08:01 422944                     /home/student/.gradle/wrapper/dists/gradle-4.1-all/bzyivzo6n839fup2jbap0tjew/gradle-4.1/lib/plugins/rhino-1.7R3.jar
7f844fd20000-7f844fd24000 r--s 00012000 08:01 422904                     /home/student/.gradle/wrapper/dists/gradle-4.1-all/bzyivzo6n839fup2jbap0tjew/gradle-4.1/lib/plugins/gradle-javascript-4.1.jar
7f844fd24000-7f844fd27000 r--s 00011000 08:01 422906                     /home/student/.gradle/wrapper/dists/gradle-4.1-all/bzyivzo6n839fup2jbap0tjew/gradle-4.1/lib/plugins/gradle-jacoco-4.1.jar
7f844fd27000-7f844fd2a000 r--s 0000e000 08:01 422905                     /home/student/.gradle/wrapper/dists/gradle-4.1-all/bzyivzo6n839fup2jbap0tjew/gradle-4.1/lib/plugins/gradle-ivy-4.1.jar
7f844fd2a000-7f844fd2b000 r--s 00002000 08:01 422897                     /home/student/.gradle/wrapper/dists/gradle-4.1-all/bzyivzo6n839fup2jbap0tjew/gradle-4.1/lib/plugins/gradle-ide-play-4.1.jar
7f844fd2b000-7f844fd2e000 r--s 00013000 08:01 422898                     /home/student/.gradle/wrapper/dists/gradle-4.1-all/bzyivzo6n839fup2jbap0tjew/gradle-4.1/lib/plugins/gradle-ide-native-4.1.jar
7f844fd2e000-7f844fd38000 r--s 00054000 08:01 422899                     /home/student/.gradle/wrapper/dists/gradle-4.1-all/bzyivzo6n839fup2jbap0tjew/gradle-4.1/lib/plugins/gradle-ide-4.1.jar
7f844fd38000-7f844fd3a000 r--s 00007000 08:01 422902                     /home/student/.gradle/wrapper/dists/gradle-4.1-all/bzyivzo6n839fup2jbap0tjew/gradle-4.1/lib/plugins/gradle-ear-4.1.jar
7f844fd3a000-7f844fd3c000 r--s 00005000 08:01 422934                     /home/student/.gradle/wrapper/dists/gradle-4.1-all/bzyivzo6n839fup2jbap0tjew/gradle-4.1/lib/plugins/jatl-0.2.2.jar
7f844fd3c000-7f844fd43000 r--s 00038000 08:01 422922                     /home/student/.gradle/wrapper/dists/gradle-4.1-all/bzyivzo6n839fup2jbap0tjew/gradle-4.1/lib/plugins/gradle-diagnostics-4.1.jar
7f844fd43000-7f844fd45000 r--s 0000b000 08:01 422911                     /home/student/.gradle/wrapper/dists/gradle-4.1-all/bzyivzo6n839fup2jbap0tjew/gradle-4.1/lib/plugins/gradle-composite-builds-4.1.jar
7f844fd45000-7f844fd4a000 r--s 00025000 08:01 422891                     /home/student/.gradle/wrapper/dists/gradle-4.1-all/bzyivzo6n839fup2jbap0tjew/gradle-4.1/lib/plugins/gradle-code-quality-4.1.jar
7f844fd4a000-7f844fd4f000 r--s 00022000 08:01 422907                     /home/student/.gradle/wrapper/dists/gradle-4.1-all/bzyivzo6n839fup2jbap0tjew/gradle-4.1/lib/plugins/gradle-build-init-4.1.jar
7f844fd4f000-7f844fd55000 r--s 0008e000 08:01 422901                     /home/student/.gradle/wrapper/dists/gradle-4.1-all/bzyivzo6n839fup2jbap0tjew/gradle-4.1/lib/plugins/gradle-build-comparison-4.1.jar
7f844fd55000-7f844fd56000 r--s 00002000 08:01 422929                     /home/student/.gradle/wrapper/dists/gradle-4.1-all/bzyivzo6n839fup2jbap0tjew/gradle-4.1/lib/plugins/gradle-build-cache-http-4.1.jar
7f844fd56000-7f844fd58000 r--s 00008000 08:01 422892                     /home/student/.gradle/wrapper/dists/gradle-4.1-all/bzyivzo6n839fup2jbap0tjew/gradle-4.1/lib/plugins/gradle-antlr-4.1.jar
7f844fd58000-7f844fd5a000 r--s 00004000 08:01 422912                     /home/student/.gradle/wrapper/dists/gradle-4.1-all/bzyivzo6n839fup2jbap0tjew/gradle-4.1/lib/plugins/gradle-announce-4.1.jar
7f844fd5a000-7f844fd5c000 r--s 00008000 08:01 422833                     /home/student/.gradle/wrapper/dists/gradle-4.1-all/bzyivzo6n839fup2jbap0tjew/gradle-4.1/lib/gradle-kotlin-dsl-tooling-builders-0.10.3.jar
7f844fd5c000-7f844fd5f000 r--s 0001c000 08:01 422950                     /home/student/.gradle/wrapper/dists/gradle-4.1-all/bzyivzo6n839fup2jbap0tjew/gradle-4.1/lib/plugins/nekohtml-1.9.14.jar
7f844fd5f000-7f844fd67000 r--s 00028000 08:01 422991                     /home/student/.gradle/wrapper/dists/gradle-4.1-all/bzyivzo6n839fup2jbap0tjew/gradle-4.1/lib/plugins/xml-apis-1.3.04.jar
7f844fd67000-7f844fd7f000 r--s 00115000 08:01 422951                     /home/student/.gradle/wrapper/dists/gradle-4.1-all/bzyivzo6n839fup2jbap0tjew/gradle-4.1/lib/plugins/xercesImpl-2.9.1.jar
7f844fd7f000-7f844fd85000 r--s 0005b000 08:01 422949                     /home/student/.gradle/wrapper/dists/gradle-4.1-all/bzyivzo6n839fup2jbap0tjew/gradle-4.1/lib/plugins/jcifs-1.3.17.jar
7f844fd85000-7f844fd8c000 r--s 00049000 08:01 422990                     /home/student/.gradle/wrapper/dists/gradle-4.1-all/bzyivzo6n839fup2jbap0tjew/gradle-4.1/lib/plugins/httpcore-4.4.4.jar
7f844fd8c000-7f844fd92000 r--s 00033000 08:01 422942                     /home/student/.gradle/wrapper/dists/gradle-4.1-all/bzyivzo6n839fup2jbap0tjew/gradle-4.1/lib/plugins/commons-codec-1.6.jar
7f844fd92000-7f844fd9f000 r--s 000a4000 08:01 422935                     /home/student/.gradle/wrapper/dists/gradle-4.1-all/bzyivzo6n839fup2jbap0tjew/gradle-4.1/lib/plugins/httpclient-4.4.1.jar
7f844fd9f000-7f844fda1000 r--s 0000b000 08:01 422930                     /home/student/.gradle/wrapper/dists/gradle-4.1-all/bzyivzo6n839fup2jbap0tjew/gradle-4.1/lib/plugins/gradle-resources-http-4.1.jar
7f844fda1000-7f844fda5000 r--s 00017000 08:01 422927                     /home/student/.gradle/wrapper/dists/gradle-4.1-all/bzyivzo6n839fup2jbap0tjew/gradle-4.1/lib/plugins/gradle-plugin-use-4.1.jar
7f844fda5000-7f844fda6000 r--s 00000000 08:01 422839                     /home/student/.gradle/wrapper/dists/gradle-4.1-all/bzyivzo6n839fup2jbap0tjew/gradle-4.1/lib/gradle-runtime-api-info-4.1.jar
7f844fda6000-7f844fde6000 r--s 00277000 08:01 422962                     /home/student/.gradle/wrapper/dists/gradle-4.1-all/bzyivzo6n839fup2jbap0tjew/gradle-4.1/lib/plugins/bcprov-jdk15on-1.51.jar
7f844fde6000-7f844fdea000 r--s 0001d000 08:01 422961                     /home/student/.gradle/wrapper/dists/gradle-4.1-all/bzyivzo6n839fup2jbap0tjew/gradle-4.1/lib/plugins/xbean-reflect-3.4.jar
7f844fdea000-7f844fe00000 r-xp 00000000 08:01 137163                     /lib/x86_64-linux-gnu/libgcc_s.so.1
7f844fe00000-7f844ffff000 ---p 00016000 08:01 137163                     /lib/x86_64-linux-gnu/libgcc_s.so.1
7f844ffff000-7f8450000000 rw-p 00015000 08:01 137163                     /lib/x86_64-linux-gnu/libgcc_s.so.1
7f8450000000-7f84520fc000 rw-p 00000000 00:00 0 
7f84520fc000-7f8454000000 ---p 00000000 00:00 0 
7f8454000000-7f8454021000 rw-p 00000000 00:00 0 
7f8454021000-7f8458000000 ---p 00000000 00:00 0 
7f8458000000-7f8458001000 r--s 00000000 08:01 422842                     /home/student/.gradle/wrapper/dists/gradle-4.1-all/bzyivzo6n839fup2jbap0tjew/gradle-4.1/lib/gradle-installation-beacon-4.1.jar
7f8458001000-7f8458003000 r--s 0000a000 08:01 422963                     /home/student/.gradle/wrapper/dists/gradle-4.1-all/bzyivzo6n839fup2jbap0tjew/gradle-4.1/lib/plugins/maven-settings-3.0.4.jar
7f8458003000-7f8458006000 r--s 00008000 08:01 422964                     /home/student/.gradle/wrapper/dists/gradle-4.1-all/bzyivzo6n839fup2jbap0tjew/gradle-4.1/lib/plugins/maven-settings-builder-3.0.4.jar
7f8458006000-7f845800a000 r--s 00033000 08:01 422965                     /home/student/.gradle/wrapper/dists/gradle-4.1-all/bzyivzo6n839fup2jbap0tjew/gradle-4.1/lib/plugins/plexus-utils-2.0.6.jar
7f845800a000-7f845800c000 r--s 0000d000 08:01 422966                     /home/student/.gradle/wrapper/dists/gradle-4.1-all/bzyivzo6n839fup2jbap0tjew/gradle-4.1/lib/plugins/plexus-interpolation-1.14.jar
7f845800c000-7f845800e000 r--s 00000000 08:01 422941                     /home/student/.gradle/wrapper/dists/gradle-4.1-all/bzyivzo6n839fup2jbap0tjew/gradle-4.1/lib/plugins/plexus-component-annotations-1.5.5.jar
7f845800e000-7f8458015000 r--s 0002e000 08:01 422967                     /home/student/.gradle/wrapper/dists/gradle-4.1-all/bzyivzo6n839fup2jbap0tjew/gradle-4.1/lib/plugins/plexus-container-default-1.5.5.jar
7f8458015000-7f8458017000 r--s 0000a000 08:01 422968                     /home/student/.gradle/wrapper/dists/gradle-4.1-all/bzyivzo6n839fup2jbap0tjew/gradle-4.1/lib/plugins/plexus-classworlds-2.4.jar
7f8458017000-7f8458019000 r--s 00002000 08:01 422969                     /home/student/.gradle/wrapper/dists/gradle-4.1-all/bzyivzo6n839fup2jbap0tjew/gradle-4.1/lib/plugins/plexus-cipher-1.7.jar
7f8458019000-7f845801a000 r--s 00006000 08:01 422970                     /home/student/.gradle/wrapper/dists/gradle-4.1-all/bzyivzo6n839fup2jbap0tjew/gradle-4.1/lib/plugins/plexus-sec-dispatcher-1.3.jar
7f845801a000-7f8458020000 r--s 0003f000 08:01 422971                     /home/student/.gradle/wrapper/dists/gradle-4.1-all/bzyivzo6n839fup2jbap0tjew/gradle-4.1/lib/plugins/maven-compat-3.0.4.jar
7f8458020000-7f8458024000 r--s 00021000 08:01 422972                     /home/student/.gradle/wrapper/dists/gradle-4.1-all/bzyivzo6n839fup2jbap0tjew/gradle-4.1/lib/plugins/maven-model-builder-3.0.4.jar
7f8458024000-7f8458026000 r--s 00026000 08:01 422973                     /home/student/.gradle/wrapper/dists/gradle-4.1-all/bzyivzo6n839fup2jbap0tjew/gradle-4.1/lib/plugins/maven-model-3.0.4.jar
7f8458026000-7f8458028000 r--s 0000b000 08:01 422974                     /home/student/.gradle/wrapper/dists/gradle-4.1-all/bzyivzo6n839fup2jbap0tjew/gradle-4.1/lib/plugins/maven-artifact-3.0.4.jar
7f8458028000-7f845802a000 r--s 00006000 08:01 422975                     /home/student/.gradle/wrapper/dists/gradle-4.1-all/bzyivzo6n839fup2jbap0tjew/gradle-4.1/lib/plugins/maven-repository-metadata-3.0.4.jar
7f845802a000-7f845802c000 r--s 0000b000 08:01 422976                     /home/student/.gradle/wrapper/dists/gradle-4.1-all/bzyivzo6n839fup2jbap0tjew/gradle-4.1/lib/plugins/maven-plugin-api-3.0.4.jar
7f845802c000-7f845802e000 r--s 0000c000 08:01 422977                     /home/student/.gradle/wrapper/dists/gradle-4.1-all/bzyivzo6n839fup2jbap0tjew/gradle-4.1/lib/plugins/maven-aether-provider-3.0.4.jar
7f845802e000-7f845802f000 r--s 00002000 08:01 422978                     /home/student/.gradle/wrapper/dists/gradle-4.1-all/bzyivzo6n839fup2jbap0tjew/gradle-4.1/lib/plugins/wagon-file-2.4.jar
7f845802f000-7f8458030000 r--s 00002000 08:01 422979                     /home/student/.gradle/wrapper/dists/gradle-4.1-all/bzyivzo6n839fup2jbap0tjew/gradle-4.1/lib/plugins/wagon-http-2.4.jar
7f8458030000-7f8458032000 r--s 0000b000 08:01 422980                     /home/student/.gradle/wrapper/dists/gradle-4.1-all/bzyivzo6n839fup2jbap0tjew/gradle-4.1/lib/plugins/wagon-provider-api-2.4.jar
7f8458032000-7f8458035000 r--s 00013000 08:01 422982                     /home/student/.gradle/wrapper/dists/gradle-4.1-all/bzyivzo6n839fup2jbap0tjew/gradle-4.1/lib/plugins/aether-api-1.13.1.jar
7f8458035000-7f8458038000 r--s 0001d000 08:01 422983                     /home/student/.gradle/wrapper/dists/gradle-4.1-all/bzyivzo6n839fup2jbap0tjew/gradle-4.1/lib/plugins/aether-impl-1.13.1.jar
7f8458038000-7f845803c000 r--s 0001c000 08:01 422985                     /home/student/.gradle/wrapper/dists/gradle-4.1-all/bzyivzo6n839fup2jbap0tjew/gradle-4.1/lib/plugins/aether-util-1.13.1.jar
7f845803c000-7f8458048000 r--s 0007d000 08:01 422938                     /home/student/.gradle/wrapper/dists/gradle-4.1-all/bzyivzo6n839fup2jbap0tjew/gradle-4.1/lib/plugins/maven-core-3.0.4.jar
7f8458048000-7f845804d000 r--s 00034000 08:01 422945                     /home/student/.gradle/wrapper/dists/gradle-4.1-all/bzyivzo6n839fup2jbap0tjew/gradle-4.1/lib/plugins/gson-2.7.jar
7f845804d000-7f8458052000 r--s 00040000 08:01 422953                     /home/student/.gradle/wrapper/dists/gradle-4.1-all/bzyivzo6n839fup2jbap0tjew/gradle-4.1/lib/plugins/jsch-0.1.54.jar
7f8458052000-7f8458076000 r--s 0011a000 08:01 422933                     /home/student/.gradle/wrapper/dists/gradle-4.1-all/bzyivzo6n839fup2jbap0tjew/gradle-4.1/lib/plugins/gradle-dependency-management-4.1.jar
7f8458076000-7f84581e8000 r-xp 00000000 08:01 212                        /usr/lib/x86_64-linux-gnu/libstdc++.so.6.0.21
7f84581e8000-7f84583e8000 ---p 00172000 08:01 212                        /usr/lib/x86_64-linux-gnu/libstdc++.so.6.0.21
7f84583e8000-7f84583f2000 r--p 00172000 08:01 212                        /usr/lib/x86_64-linux-gnu/libstdc++.so.6.0.21
7f84583f2000-7f84583f4000 rw-p 0017c000 08:01 212                        /usr/lib/x86_64-linux-gnu/libstdc++.so.6.0.21
7f84583f4000-7f84583f8000 rw-p 00000000 00:00 0 
7f84583f8000-7f84583f9000 r--s 00007000 08:01 422981                     /home/student/.gradle/wrapper/dists/gradle-4.1-all/bzyivzo6n839fup2jbap0tjew/gradle-4.1/lib/plugins/wagon-http-shared4-2.4.jar
7f84583f9000-7f84583fa000 r--s 00003000 08:01 422984                     /home/student/.gradle/wrapper/dists/gradle-4.1-all/bzyivzo6n839fup2jbap0tjew/gradle-4.1/lib/plugins/aether-spi-1.13.1.jar
7f84583fa000-7f84583fc000 r--s 00006000 08:01 422986                     /home/student/.gradle/wrapper/dists/gradle-4.1-all/bzyivzo6n839fup2jbap0tjew/gradle-4.1/lib/plugins/aether-connector-wagon-1.13.1.jar
7f84583fc000-7f845840b000 r--s 000d9000 08:01 422952                     /home/student/.gradle/wrapper/dists/gradle-4.1-all/bzyivzo6n839fup2jbap0tjew/gradle-4.1/lib/plugins/ivy-2.2.0.jar
7f845840b000-7f845840e000 r--s 0000d000 08:01 422932                     /home/student/.gradle/wrapper/dists/gradle-4.1-all/bzyivzo6n839fup2jbap0tjew/gradle-4.1/lib/plugins/gradle-workers-4.1.jar
7f845840e000-7f8458413000 r-xp 00000000 08:01 568108                     /home/student/.gradle/native/25/linux-amd64/libnative-platform.so
7f8458413000-7f8458612000 ---p 00005000 08:01 568108                     /home/student/.gradle/native/25/linux-amd64/libnative-platform.so
7f8458612000-7f8458613000 rw-p 00004000 08:01 568108                     /home/student/.gradle/native/25/linux-amd64/libnative-platform.so
7f8458613000-7f8458624000 r-xp 00000000 08:01 559479                     /home/student/Android/android-studio/jre/jre/lib/amd64/libnio.so
7f8458624000-7f8458823000 ---p 00011000 08:01 559479                     /home/student/Android/android-studio/jre/jre/lib/amd64/libnio.so
7f8458823000-7f8458824000 r--p 00010000 08:01 559479                     /home/student/Android/android-studio/jre/jre/lib/amd64/libnio.so
7f8458824000-7f8458825000 rw-p 00011000 08:01 559479                     /home/student/Android/android-studio/jre/jre/lib/amd64/libnio.so
7f8458825000-7f845b826000 rw-p 00000000 00:00 0 
7f845b826000-7f845b83c000 r-xp 00000000 08:01 559481                     /home/student/Android/android-studio/jre/jre/lib/amd64/libnet.so
7f845b83c000-7f845ba3c000 ---p 00016000 08:01 559481                     /home/student/Android/android-studio/jre/jre/lib/amd64/libnet.so
7f845ba3c000-7f845ba3d000 r--p 00016000 08:01 559481                     /home/student/Android/android-studio/jre/jre/lib/amd64/libnet.so
7f845ba3d000-7f845ba3e000 rw-p 00017000 08:01 559481                     /home/student/Android/android-studio/jre/jre/lib/amd64/libnet.so
7f845ba3e000-7f845ba3f000 r--s 00006000 08:01 422841                     /home/student/.gradle/wrapper/dists/gradle-4.1-all/bzyivzo6n839fup2jbap0tjew/gradle-4.1/lib/gradle-wrapper-4.1.jar
7f845ba3f000-7f845ba4c000 r--s 00043000 08:01 422840                     /home/student/.gradle/wrapper/dists/gradle-4.1-all/bzyivzo6n839fup2jbap0tjew/gradle-4.1/lib/gradle-tooling-api-4.1.jar
7f845ba4c000-7f845ba5b000 r--s 000c8000 08:01 422837                     /home/student/.gradle/wrapper/dists/gradle-4.1-all/bzyivzo6n839fup2jbap0tjew/gradle-4.1/lib/kotlin-stdlib-1.1.3-2.jar
7f845ba5b000-7f845ba8d000 r--s 0021b000 08:01 422836                     /home/student/.gradle/wrapper/dists/gradle-4.1-all/bzyivzo6n839fup2jbap0tjew/gradle-4.1/lib/kotlin-reflect-1.1.3-2.jar
7f845ba8d000-7f845bc44000 r--s 01786000 08:01 422835                     /home/student/.gradle/wrapper/dists/gradle-4.1-all/bzyivzo6n839fup2jbap0tjew/gradle-4.1/lib/kotlin-compiler-embeddable-1.1.3-2.jar
7f845bc44000-7f845bc45000 r--s 00000000 08:01 422834                     /home/student/.gradle/wrapper/dists/gradle-4.1-all/bzyivzo6n839fup2jbap0tjew/gradle-4.1/lib/gradle-kotlin-dsl-tooling-models-0.10.3.jar
7f845bc45000-7f845bc46000 r--s 00001000 08:01 422832                     /home/student/.gradle/wrapper/dists/gradle-4.1-all/bzyivzo6n839fup2jbap0tjew/gradle-4.1/lib/gradle-kotlin-dsl-compiler-plugin-0.10.3.jar
7f845bc46000-7f845bc48000 r--s 00003000 08:01 422830                     /home/student/.gradle/wrapper/dists/gradle-4.1-all/bzyivzo6n839fup2jbap0tjew/gradle-4.1/lib/annotations-13.0.jar
7f845bc48000-7f845bc52000 r--s 00073000 08:01 422831                     /home/student/.gradle/wrapper/dists/gradle-4.1-all/bzyivzo6n839fup2jbap0tjew/gradle-4.1/lib/gradle-kotlin-dsl-0.10.3.jar
7f845bc52000-7f845bc57000 r--s 00013000 08:01 422847                     /home/student/.gradle/wrapper/dists/gradle-4.1-all/bzyivzo6n839fup2jbap0tjew/gradle-4.1/lib/gradle-resources-4.1.jar
7f845bc57000-7f845bc59000 r--s 00005000 08:01 422854                     /home/student/.gradle/wrapper/dists/gradle-4.1-all/bzyivzo6n839fup2jbap0tjew/gradle-4.1/lib/gradle-cli-4.1.jar
7f845bc59000-7f845bc5b000 r--s 00003000 08:01 422861                     /home/student/.gradle/wrapper/dists/gradle-4.1-all/bzyivzo6n839fup2jbap0tjew/gradle-4.1/lib/jcl-over-slf4j-1.7.10.jar
7f845bc5b000-7f845bc5c000 r--s 00005000 08:01 422860                     /home/student/.gradle/wrapper/dists/gradle-4.1-all/bzyivzo6n839fup2jbap0tjew/gradle-4.1/lib/log4j-over-slf4j-1.7.10.jar
7f845bc5c000-7f845bc5e000 r--s 00000000 08:01 422859                     /home/student/.gradle/wrapper/dists/gradle-4.1-all/bzyivzo6n839fup2jbap0tjew/gradle-4.1/lib/jul-to-slf4j-1.7.10.jar
7f845bc5e000-7f845bc65000 r--s 0002c000 08:01 422845                     /home/student/.gradle/wrapper/dists/gradle-4.1-all/bzyivzo6n839fup2jbap0tjew/gradle-4.1/lib/gradle-logging-4.1.jar
7f845bc65000-7f845bc75000 r--s 00082000 08:01 422850                     /home/student/.gradle/wrapper/dists/gradle-4.1-all/bzyivzo6n839fup2jbap0tjew/gradle-4.1/lib/gradle-model-core-4.1.jar
7f845bc75000-7f845bc77000 r--s 00006000 08:01 422851                     /home/student/.gradle/wrapper/dists/gradle-4.1-all/bzyivzo6n839fup2jbap0tjew/gradle-4.1/lib/gradle-base-services-groovy-4.1.jar
7f845bc77000-7f845bc79000 r--s 00007000 08:01 422849                     /home/student/.gradle/wrapper/dists/gradle-4.1-all/bzyivzo6n839fup2jbap0tjew/gradle-4.1/lib/gradle-model-groovy-4.1.jar
7f845bc79000-7f845bc7a000 r--s 00002000 08:01 422872                     /home/student/.gradle/wrapper/dists/gradle-4.1-all/bzyivzo6n839fup2jbap0tjew/gradle-4.1/lib/gradle-docs-4.1.jar
7f845bc7a000-7f845bc87000 r--s 00083000 08:01 422870                     /home/student/.gradle/wrapper/dists/gradle-4.1-all/bzyivzo6n839fup2jbap0tjew/gradle-4.1/lib/commons-collections-3.2.2.jar
7f845bc87000-7f845bc88000 r--s 00000000 08:01 422869                     /home/student/.gradle/wrapper/dists/gradle-4.1-all/bzyivzo6n839fup2jbap0tjew/gradle-4.1/lib/javax.inject-1.jar
7f845bc88000-7f845bcf8000 r--s 00645000 08:01 422867                     /home/student/.gradle/wrapper/dists/gradle-4.1-all/bzyivzo6n839fup2jbap0tjew/gradle-4.1/lib/groovy-all-2.4.11.jar
7f845bcf8000-7f845bcfb000 r--s 00023000 08:01 422873                     /home/student/.gradle/wrapper/dists/gradle-4.1-all/bzyivzo6n839fup2jbap0tjew/gradle-4.1/lib/jansi-1.14.jar
7f845bcfb000-7f845bcfc000 r--s 00004000 08:01 422875                     /home/student/.gradle/wrapper/dists/gradle-4.1-all/bzyivzo6n839fup2jbap0tjew/gradle-4.1/lib/native-platform-freebsd-amd64-libcpp-0.14.jar
7f845bcfc000-7f845bcfd000 r--s 00004000 08:01 422876                     /home/student/.gradle/wrapper/dists/gradle-4.1-all/bzyivzo6n839fup2jbap0tjew/gradle-4.1/lib/native-platform-freebsd-amd64-libstdcpp-0.14.jar
7f845bcfd000-7f845bcfe000 ---p 00000000 00:00 0 
7f845bcfe000-7f845bdfe000 rw-p 00000000 00:00 0 
7f845bdfe000-7f845be01000 ---p 00000000 00:00 0 
7f845be01000-7f845beff000 rw-p 00000000 00:00 0 
7f845beff000-7f845bf02000 ---p 00000000 00:00 0 
7f845bf02000-7f845c000000 rw-p 00000000 00:00 0 
7f845c000000-7f845c021000 rw-p 00000000 00:00 0 
7f845c021000-7f8460000000 ---p 00000000 00:00 0 
7f8460000000-7f8460021000 rw-p 00000000 00:00 0 
7f8460021000-7f8464000000 ---p 00000000 00:00 0 
7f8464000000-7f8464031000 rw-p 00000000 00:00 0 
7f8464031000-7f8468000000 ---p 00000000 00:00 0 
7f8468000000-7f846827f000 rw-p 00000000 00:00 0 
7f846827f000-7f846c000000 ---p 00000000 00:00 0 
7f846c000000-7f846c031000 rw-p 00000000 00:00 0 
7f846c031000-7f8470000000 ---p 00000000 00:00 0 
7f8470000000-7f8470001000 r--s 00004000 08:01 422877                     /home/student/.gradle/wrapper/dists/gradle-4.1-all/bzyivzo6n839fup2jbap0tjew/gradle-4.1/lib/native-platform-freebsd-i386-libcpp-0.14.jar
7f8470001000-7f8470002000 r--s 00003000 08:01 422878                     /home/student/.gradle/wrapper/dists/gradle-4.1-all/bzyivzo6n839fup2jbap0tjew/gradle-4.1/lib/native-platform-freebsd-i386-libstdcpp-0.14.jar
7f8470002000-7f8470003000 r--s 00002000 08:01 422879                     /home/student/.gradle/wrapper/dists/gradle-4.1-all/bzyivzo6n839fup2jbap0tjew/gradle-4.1/lib/native-platform-linux-amd64-0.14.jar
7f8470003000-7f8470004000 r--s 00002000 08:01 422880                     /home/student/.gradle/wrapper/dists/gradle-4.1-all/bzyivzo6n839fup2jbap0tjew/gradle-4.1/lib/native-platform-linux-i386-0.14.jar
7f8470004000-7f8470006000 r--s 00002000 08:01 422881                     /home/student/.gradle/wrapper/dists/gradle-4.1-all/bzyivzo6n839fup2jbap0tjew/gradle-4.1/lib/native-platform-osx-amd64-0.14.jar
7f8470006000-7f8470007000 r--s 00003000 08:01 422882                     /home/student/.gradle/wrapper/dists/gradle-4.1-all/bzyivzo6n839fup2jbap0tjew/gradle-4.1/lib/native-platform-osx-i386-0.14.jar
7f8470007000-7f8470009000 r--s 0000b000 08:01 422883                     /home/student/.gradle/wrapper/dists/gradle-4.1-all/bzyivzo6n839fup2jbap0tjew/gradle-4.1/lib/native-platform-windows-amd64-0.14.jar
7f8470009000-7f847000a000 r--s 0000b000 08:01 422884                     /home/student/.gradle/wrapper/dists/gradle-4.1-all/bzyivzo6n839fup2jbap0tjew/gradle-4.1/lib/native-platform-windows-i386-0.14.jar
7f847000a000-7f847000b000 r--s 00001000 08:01 422885                     /home/student/.gradle/wrapper/dists/gradle-4.1-all/bzyivzo6n839fup2jbap0tjew/gradle-4.1/lib/native-platform-linux-amd64-ncurses5-0.14.jar
7f847000b000-7f8470033000 r--s 001cf000 08:01 422863                     /home/student/.gradle/wrapper/dists/gradle-4.1-all/bzyivzo6n839fup2jbap0tjew/gradle-4.1/lib/guava-jdk5-17.0.jar
7f8470033000-7f8470036000 ---p 00000000 00:00 0 
7f8470036000-7f8470134000 rw-p 00000000 00:00 0 
7f8470134000-7f8470137000 ---p 00000000 00:00 0 
7f8470137000-7f8470235000 rw-p 00000000 00:00 0 
7f8470235000-7f8470bf4000 r--p 00000000 08:01 9203                       /usr/lib/locale/locale-archive
7f8470bf4000-7f8470bf7000 ---p 00000000 00:00 0 
7f8470bf7000-7f8470cf5000 rw-p 00000000 00:00 0 
7f8470cf5000-7f8470cf8000 ---p 00000000 00:00 0 
7f8470cf8000-7f8470df6000 rw-p 00000000 00:00 0 
7f8470df6000-7f8470df7000 ---p 00000000 00:00 0 
7f8470df7000-7f8475000000 rw-p 00000000 00:00 0 
7f8475000000-7f8475e80000 rwxp 00000000 00:00 0 
7f8475e80000-7f8484000000 ---p 00000000 00:00 0 
7f8484000000-7f8484cba000 rw-p 00000000 00:00 0 
7f8484cba000-7f8488000000 ---p 00000000 00:00 0 
7f8488000000-7f8488001000 r--s 00001000 08:01 422886                     /home/student/.gradle/wrapper/dists/gradle-4.1-all/bzyivzo6n839fup2jbap0tjew/gradle-4.1/lib/native-platform-linux-amd64-ncurses6-0.14.jar
7f8488001000-7f8488002000 r--s 00001000 08:01 422887                     /home/student/.gradle/wrapper/dists/gradle-4.1-all/bzyivzo6n839fup2jbap0tjew/gradle-4.1/lib/native-platform-linux-i386-ncurses5-0.14.jar
7f8488002000-7f8488003000 r--s 00001000 08:01 422888                     /home/student/.gradle/wrapper/dists/gradle-4.1-all/bzyivzo6n839fup2jbap0tjew/gradle-4.1/lib/native-platform-linux-i386-ncurses6-0.14.jar
7f8488003000-7f8488007000 r--s 00012000 08:01 422871                     /home/student/.gradle/wrapper/dists/gradle-4.1-all/bzyivzo6n839fup2jbap0tjew/gradle-4.1/lib/native-platform-0.14.jar
7f8488007000-7f848800a000 r--s 0000c000 08:01 422848                     /home/student/.gradle/wrapper/dists/gradle-4.1-all/bzyivzo6n839fup2jbap0tjew/gradle-4.1/lib/gradle-native-4.1.jar
7f848800a000-7f848800c000 r--s 0000f000 08:01 422856                     /home/student/.gradle/wrapper/dists/gradle-4.1-all/bzyivzo6n839fup2jbap0tjew/gradle-4.1/lib/reflectasm-1.07-shaded.jar
7f848800c000-7f848800e000 r--s 00000000 08:01 422889                     /home/student/.gradle/wrapper/dists/gradle-4.1-all/bzyivzo6n839fup2jbap0tjew/gradle-4.1/lib/minlog-1.2.jar
7f848800e000-7f8488010000 r--s 00007000 08:01 422890                     /home/student/.gradle/wrapper/dists/gradle-4.1-all/bzyivzo6n839fup2jbap0tjew/gradle-4.1/lib/objenesis-1.2.jar
7f8488010000-7f8488014000 r--s 00026000 08:01 422855                     /home/student/.gradle/wrapper/dists/gradle-4.1-all/bzyivzo6n839fup2jbap0tjew/gradle-4.1/lib/kryo-2.20.jar
7f8488014000-7f848801a000 r--s 0002b000 08:01 422852                     /home/student/.gradle/wrapper/dists/gradle-4.1-all/bzyivzo6n839fup2jbap0tjew/gradle-4.1/lib/gradle-messaging-4.1.jar
7f848801a000-7f848801c000 r--s 00006000 08:01 422846                     /home/student/.gradle/wrapper/dists/gradle-4.1-all/bzyivzo6n839fup2jbap0tjew/gradle-4.1/lib/gradle-process-services-4.1.jar
7f848801c000-7f8488021000 r--s 00041000 08:01 422865                     /home/student/.gradle/wrapper/dists/gradle-4.1-all/bzyivzo6n839fup2jbap0tjew/gradle-4.1/lib/commons-lang-2.6.jar
7f8488021000-7f8488040000 r--s 001d1000 08:01 422868                     /home/student/.gradle/wrapper/dists/gradle-4.1-all/bzyivzo6n839fup2jbap0tjew/gradle-4.1/lib/ant-1.9.6.jar
7f8488040000-7f848808a000 r--s 00253000 08:01 422843                     /home/student/.gradle/wrapper/dists/gradle-4.1-all/bzyivzo6n839fup2jbap0tjew/gradle-4.1/lib/gradle-core-4.1.jar
7f848808a000-7f848811a000 rw-p 00000000 00:00 0 
7f848811a000-7f84882ea000 r--s 03c46000 08:01 559439                     /home/student/Android/android-studio/jre/jre/lib/rt.jar
7f84882ea000-7f8488660000 rw-p 00000000 00:00 0 
7f8488660000-7f8488661000 ---p 00000000 00:00 0 
7f8488661000-7f8488761000 rw-p 00000000 00:00 0 
7f8488761000-7f8488762000 ---p 00000000 00:00 0 
7f8488762000-7f848887b000 rw-p 00000000 00:00 0 
7f848887b000-7f8488a62000 ---p 00000000 00:00 0 
7f8488a62000-7f8488a7b000 rw-p 00000000 00:00 0 
7f8488a7b000-7f8488c62000 ---p 00000000 00:00 0 
7f8488c62000-7f8488cba000 rw-p 00000000 00:00 0 
7f8488cba000-7f8488d62000 ---p 00000000 00:00 0 
7f8488d62000-7f8488d9d000 rw-p 00000000 00:00 0 
7f8488d9d000-7f8489123000 ---p 00000000 00:00 0 
7f8489123000-7f848913d000 r-xp 00000000 08:01 559458                     /home/student/Android/android-studio/jre/jre/lib/amd64/libzip.so
7f848913d000-7f848933d000 ---p 0001a000 08:01 559458                     /home/student/Android/android-studio/jre/jre/lib/amd64/libzip.so
7f848933d000-7f848933e000 r--p 0001a000 08:01 559458                     /home/student/Android/android-studio/jre/jre/lib/amd64/libzip.so
7f848933e000-7f848933f000 rw-p 0001b000 08:01 559458                     /home/student/Android/android-studio/jre/jre/lib/amd64/libzip.so
7f848933f000-7f848934a000 r-xp 00000000 08:01 137224                     /lib/x86_64-linux-gnu/libnss_files-2.23.so
7f848934a000-7f8489549000 ---p 0000b000 08:01 137224                     /lib/x86_64-linux-gnu/libnss_files-2.23.so
7f8489549000-7f848954a000 r--p 0000a000 08:01 137224                     /lib/x86_64-linux-gnu/libnss_files-2.23.so
7f848954a000-7f848954b000 rw-p 0000b000 08:01 137224                     /lib/x86_64-linux-gnu/libnss_files-2.23.so
7f848954b000-7f8489551000 rw-p 00000000 00:00 0 
7f8489551000-7f848955c000 r-xp 00000000 08:01 137234                     /lib/x86_64-linux-gnu/libnss_nis-2.23.so
7f848955c000-7f848975b000 ---p 0000b000 08:01 137234                     /lib/x86_64-linux-gnu/libnss_nis-2.23.so
7f848975b000-7f848975c000 r--p 0000a000 08:01 137234                     /lib/x86_64-linux-gnu/libnss_nis-2.23.so
7f848975c000-7f848975d000 rw-p 0000b000 08:01 137234                     /lib/x86_64-linux-gnu/libnss_nis-2.23.so
7f848975d000-7f8489773000 r-xp 00000000 08:01 137218                     /lib/x86_64-linux-gnu/libnsl-2.23.so
7f8489773000-7f8489972000 ---p 00016000 08:01 137218                     /lib/x86_64-linux-gnu/libnsl-2.23.so
7f8489972000-7f8489973000 r--p 00015000 08:01 137218                     /lib/x86_64-linux-gnu/libnsl-2.23.so
7f8489973000-7f8489974000 rw-p 00016000 08:01 137218                     /lib/x86_64-linux-gnu/libnsl-2.23.so
7f8489974000-7f8489976000 rw-p 00000000 00:00 0 
7f8489976000-7f848997e000 r-xp 00000000 08:01 137220                     /lib/x86_64-linux-gnu/libnss_compat-2.23.so
7f848997e000-7f8489b7d000 ---p 00008000 08:01 137220                     /lib/x86_64-linux-gnu/libnss_compat-2.23.so
7f8489b7d000-7f8489b7e000 r--p 00007000 08:01 137220                     /lib/x86_64-linux-gnu/libnss_compat-2.23.so
7f8489b7e000-7f8489b7f000 rw-p 00008000 08:01 137220                     /lib/x86_64-linux-gnu/libnss_compat-2.23.so
7f8489b7f000-7f8489bac000 r-xp 00000000 08:01 559457                     /home/student/Android/android-studio/jre/jre/lib/amd64/libjava.so
7f8489bac000-7f8489dab000 ---p 0002d000 08:01 559457                     /home/student/Android/android-studio/jre/jre/lib/amd64/libjava.so
7f8489dab000-7f8489dac000 r--p 0002c000 08:01 559457                     /home/student/Android/android-studio/jre/jre/lib/amd64/libjava.so
7f8489dac000-7f8489dae000 rw-p 0002d000 08:01 559457                     /home/student/Android/android-studio/jre/jre/lib/amd64/libjava.so
7f8489dae000-7f8489dbe000 r-xp 00000000 08:01 559463                     /home/student/Android/android-studio/jre/jre/lib/amd64/libverify.so
7f8489dbe000-7f8489fbd000 ---p 00010000 08:01 559463                     /home/student/Android/android-studio/jre/jre/lib/amd64/libverify.so
7f8489fbd000-7f8489fbf000 r--p 0000f000 08:01 559463                     /home/student/Android/android-studio/jre/jre/lib/amd64/libverify.so
7f8489fbf000-7f8489fc0000 rw-p 00011000 08:01 559463                     /home/student/Android/android-studio/jre/jre/lib/amd64/libverify.so
7f8489fc0000-7f8489fc7000 r-xp 00000000 08:01 137279                     /lib/x86_64-linux-gnu/librt-2.23.so
7f8489fc7000-7f848a1c6000 ---p 00007000 08:01 137279                     /lib/x86_64-linux-gnu/librt-2.23.so
7f848a1c6000-7f848a1c7000 r--p 00006000 08:01 137279                     /lib/x86_64-linux-gnu/librt-2.23.so
7f848a1c7000-7f848a1c8000 rw-p 00007000 08:01 137279                     /lib/x86_64-linux-gnu/librt-2.23.so
7f848a1c8000-7f848a2d0000 r-xp 00000000 08:01 137195                     /lib/x86_64-linux-gnu/libm-2.23.so
7f848a2d0000-7f848a4cf000 ---p 00108000 08:01 137195                     /lib/x86_64-linux-gnu/libm-2.23.so
7f848a4cf000-7f848a4d0000 r--p 00107000 08:01 137195                     /lib/x86_64-linux-gnu/libm-2.23.so
7f848a4d0000-7f848a4d1000 rw-p 00108000 08:01 137195                     /lib/x86_64-linux-gnu/libm-2.23.so
7f848a4d1000-7f848b0c9000 r-xp 00000000 08:01 559466                     /home/student/Android/android-studio/jre/jre/lib/amd64/server/libjvm.so
7f848b0c9000-7f848b2c9000 ---p 00bf8000 08:01 559466                     /home/student/Android/android-studio/jre/jre/lib/amd64/server/libjvm.so
7f848b2c9000-7f848b368000 r--p 00bf8000 08:01 559466                     /home/student/Android/android-studio/jre/jre/lib/amd64/server/libjvm.so
7f848b368000-7f848b391000 rw-p 00c97000 08:01 559466                     /home/student/Android/android-studio/jre/jre/lib/amd64/server/libjvm.so
7f848b391000-7f848b3d5000 rw-p 00000000 00:00 0 
7f848b3d5000-7f848b3ed000 r-xp 00000000 08:01 137271                     /lib/x86_64-linux-gnu/libpthread-2.23.so
7f848b3ed000-7f848b5ec000 ---p 00018000 08:01 137271                     /lib/x86_64-linux-gnu/libpthread-2.23.so
7f848b5ec000-7f848b5ed000 r--p 00017000 08:01 137271                     /lib/x86_64-linux-gnu/libpthread-2.23.so
7f848b5ed000-7f848b5ee000 rw-p 00018000 08:01 137271                     /lib/x86_64-linux-gnu/libpthread-2.23.so
7f848b5ee000-7f848b5f2000 rw-p 00000000 00:00 0 
7f848b5f2000-7f848b5f5000 r-xp 00000000 08:01 137149                     /lib/x86_64-linux-gnu/libdl-2.23.so
7f848b5f5000-7f848b7f4000 ---p 00003000 08:01 137149                     /lib/x86_64-linux-gnu/libdl-2.23.so
7f848b7f4000-7f848b7f5000 r--p 00002000 08:01 137149                     /lib/x86_64-linux-gnu/libdl-2.23.so
7f848b7f5000-7f848b7f6000 rw-p 00003000 08:01 137149                     /lib/x86_64-linux-gnu/libdl-2.23.so
7f848b7f6000-7f848b9b6000 r-xp 00000000 08:01 137125                     /lib/x86_64-linux-gnu/libc-2.23.so
7f848b9b6000-7f848bbb6000 ---p 001c0000 08:01 137125                     /lib/x86_64-linux-gnu/libc-2.23.so
7f848bbb6000-7f848bbba000 r--p 001c0000 08:01 137125                     /lib/x86_64-linux-gnu/libc-2.23.so
7f848bbba000-7f848bbbc000 rw-p 001c4000 08:01 137125                     /lib/x86_64-linux-gnu/libc-2.23.so
7f848bbbc000-7f848bbc0000 rw-p 00000000 00:00 0 
7f848bbc0000-7f848bbd6000 r-xp 00000000 08:01 559412                     /home/student/Android/android-studio/jre/lib/amd64/jli/libjli.so
7f848bbd6000-7f848bdd5000 ---p 00016000 08:01 559412                     /home/student/Android/android-studio/jre/lib/amd64/jli/libjli.so
7f848bdd5000-7f848bdd6000 r--p 00015000 08:01 559412                     /home/student/Android/android-studio/jre/lib/amd64/jli/libjli.so
7f848bdd6000-7f848bdd7000 rw-p 00016000 08:01 559412                     /home/student/Android/android-studio/jre/lib/amd64/jli/libjli.so
7f848bdd7000-7f848bdfd000 r-xp 00000000 08:01 137097                     /lib/x86_64-linux-gnu/ld-2.23.so
7f848bdfd000-7f848bdff000 r--s 00000000 08:01 422844                     /home/student/.gradle/wrapper/dists/gradle-4.1-all/bzyivzo6n839fup2jbap0tjew/gradle-4.1/lib/gradle-jvm-services-4.1.jar
7f848bdff000-7f848be00000 r--s 00000000 08:01 422866                     /home/student/.gradle/wrapper/dists/gradle-4.1-all/bzyivzo6n839fup2jbap0tjew/gradle-4.1/lib/jcip-annotations-1.0.jar
7f848be00000-7f848be03000 r--s 00006000 08:01 422864                     /home/student/.gradle/wrapper/dists/gradle-4.1-all/bzyivzo6n839fup2jbap0tjew/gradle-4.1/lib/jsr305-1.3.9.jar
7f848be03000-7f848be04000 r--s 00007000 08:01 422862                     /home/student/.gradle/wrapper/dists/gradle-4.1-all/bzyivzo6n839fup2jbap0tjew/gradle-4.1/lib/slf4j-api-1.7.10.jar
7f848be04000-7f848be08000 r--s 00027000 08:01 422858                     /home/student/.gradle/wrapper/dists/gradle-4.1-all/bzyivzo6n839fup2jbap0tjew/gradle-4.1/lib/commons-io-2.2.jar
7f848be08000-7f848be10000 r--s 000bd000 08:01 422857                     /home/student/.gradle/wrapper/dists/gradle-4.1-all/bzyivzo6n839fup2jbap0tjew/gradle-4.1/lib/asm-debug-all-6.0_ALPHA.jar
7f848be10000-7f848be11000 r--s 00004000 08:01 422874                     /home/student/.gradle/wrapper/dists/gradle-4.1-all/bzyivzo6n839fup2jbap0tjew/gradle-4.1/lib/ant-launcher-1.9.6.jar
7f848be11000-7f848be1d000 r--s 00053000 08:01 422853                     /home/student/.gradle/wrapper/dists/gradle-4.1-all/bzyivzo6n839fup2jbap0tjew/gradle-4.1/lib/gradle-base-services-4.1.jar
7f848be1d000-7f848bedf000 rw-p 00000000 00:00 0 
7f848bedf000-7f848bee2000 ---p 00000000 00:00 0 
7f848bee2000-7f848bfe4000 rw-p 00000000 00:00 0 
7f848bfe4000-7f848bff0000 r--s 0005c000 08:01 422838                     /home/student/.gradle/wrapper/dists/gradle-4.1-all/bzyivzo6n839fup2jbap0tjew/gradle-4.1/lib/gradle-launcher-4.1.jar
7f848bff0000-7f848bff8000 rw-s 00000000 08:01 4827                       /tmp/hsperfdata_student/4281
7f848bff8000-7f848bff9000 rw-p 00000000 00:00 0 
7f848bff9000-7f848bffa000 ---p 00000000 00:00 0 
7f848bffa000-7f848bffc000 rw-p 00000000 00:00 0 
7f848bffc000-7f848bffd000 r--p 00025000 08:01 137097                     /lib/x86_64-linux-gnu/ld-2.23.so
7f848bffd000-7f848bffe000 rw-p 00026000 08:01 137097                     /lib/x86_64-linux-gnu/ld-2.23.so
7f848bffe000-7f848bfff000 rw-p 00000000 00:00 0 
7ffeb7e00000-7ffeb7e21000 rw-p 00000000 00:00 0                          [stack]
7ffeb7ed4000-7ffeb7ed6000 r--p 00000000 00:00 0                          [vvar]
7ffeb7ed6000-7ffeb7ed8000 r-xp 00000000 00:00 0                          [vdso]
ffffffffff600000-ffffffffff601000 r-xp 00000000 00:00 0                  [vsyscall]

VM Arguments:
jvm_args: -Xmx1536m -Dfile.encoding=UTF-8 -Duser.country=CA -Duser.language=en -Duser.variant 
java_command: org.gradle.launcher.daemon.bootstrap.GradleDaemon 4.1
java_class_path (initial): /home/student/.gradle/wrapper/dists/gradle-4.1-all/bzyivzo6n839fup2jbap0tjew/gradle-4.1/lib/gradle-launcher-4.1.jar
Launcher Type: SUN_STANDARD

Environment Variables:
PATH=/home/student/bin:/home/student/.local/bin:/usr/local/sbin:/usr/local/bin:/usr/sbin:/usr/bin:/sbin:/bin:/usr/games:/usr/local/games:/snap/bin
LD_LIBRARY_PATH=/home/student/Android/android-studio/bin:
SHELL=/bin/bash
DISPLAY=:0

Signal Handlers:
SIGSEGV: [libjvm.so+0x9ebc60], sa_mask[0]=11111111011111111101111111111110, sa_flags=SA_RESTART|SA_SIGINFO
SIGBUS: [libjvm.so+0x9ebc60], sa_mask[0]=11111111011111111101111111111110, sa_flags=SA_RESTART|SA_SIGINFO
SIGFPE: [libjvm.so+0x84cf60], sa_mask[0]=11111111011111111101111111111110, sa_flags=SA_RESTART|SA_SIGINFO
SIGPIPE: [libjvm.so+0x84cf60], sa_mask[0]=11111111011111111101111111111110, sa_flags=SA_RESTART|SA_SIGINFO
SIGXFSZ: [libjvm.so+0x84cf60], sa_mask[0]=11111111011111111101111111111110, sa_flags=SA_RESTART|SA_SIGINFO
SIGILL: [libjvm.so+0x84cf60], sa_mask[0]=11111111011111111101111111111110, sa_flags=SA_RESTART|SA_SIGINFO
SIGUSR1: SIG_DFL, sa_mask[0]=00000000000000000000000000000000, sa_flags=none
SIGUSR2: [libjvm.so+0x84ce30], sa_mask[0]=00100000000000000000000000000000, sa_flags=SA_RESTART|SA_SIGINFO
SIGHUP: [libjvm.so+0x84d020], sa_mask[0]=11111111011111111101111111111110, sa_flags=SA_RESTART|SA_SIGINFO
SIGINT: [libjvm.so+0x84d020], sa_mask[0]=11111111011111111101111111111110, sa_flags=SA_RESTART|SA_SIGINFO
SIGTERM: [libjvm.so+0x84d020], sa_mask[0]=11111111011111111101111111111110, sa_flags=SA_RESTART|SA_SIGINFO
SIGQUIT: [libjvm.so+0x84d020], sa_mask[0]=11111111011111111101111111111110, sa_flags=SA_RESTART|SA_SIGINFO


---------------  S Y S T E M  ---------------

OS:DISTRIB_ID=Ubuntu
DISTRIB_RELEASE=16.04
DISTRIB_CODENAME=xenial
DISTRIB_DESCRIPTION="Ubuntu 16.04.3 LTS"

uname:Linux 4.10.0-42-generic #46~16.04.1-Ubuntu SMP Mon Dec 4 15:57:59 UTC 2017 x86_64
libc:glibc 2.23 NPTL 2.23 
rlimit: STACK 8192k, CORE 0k, NPROC 11848, NOFILE 1048576, AS infinity
load average:1.69 0.99 0.92

/proc/meminfo:
MemTotal:        3077996 kB
MemFree:           71948 kB
MemAvailable:      11356 kB
Buffers:             652 kB
Cached:            23384 kB
SwapCached:        14396 kB
Active:          2191012 kB
Inactive:         656988 kB
Active(anon):    2187556 kB
Inactive(anon):   652224 kB
Active(file):       3456 kB
Inactive(file):     4764 kB
Unevictable:          32 kB
Mlocked:              32 kB
SwapTotal:       1045500 kB
SwapFree:              0 kB
Dirty:               184 kB
Writeback:             0 kB
AnonPages:       2810076 kB
Mapped:            21928 kB
Shmem:             15672 kB
Slab:              76544 kB
SReclaimable:      29300 kB
SUnreclaim:        47244 kB
KernelStack:       11088 kB
PageTables:        39428 kB
NFS_Unstable:          0 kB
Bounce:                0 kB
WritebackTmp:          0 kB
CommitLimit:     2584496 kB
Committed_AS:    8085188 kB
VmallocTotal:   34359738367 kB
VmallocUsed:           0 kB
VmallocChunk:          0 kB
HardwareCorrupted:     0 kB
AnonHugePages:    522240 kB
ShmemHugePages:        0 kB
ShmemPmdMapped:        0 kB
CmaTotal:              0 kB
CmaFree:               0 kB
HugePages_Total:       0
HugePages_Free:        0
HugePages_Rsvd:        0
HugePages_Surp:        0
Hugepagesize:       2048 kB
DirectMap4k:       96192 kB
DirectMap2M:     3049472 kB


CPU:total 2 (initial active 2) (2 cores per cpu, 1 threads per core) family 6 model 142 stepping 9, cmov, cx8, fxsr, mmx, sse, sse2, sse3, ssse3, sse4.1, sse4.2, popcnt, avx, avx2, aes, clmul, 3dnowpref, lzcnt, tsc, tscinvbit

/proc/cpuinfo:
processor	: 0
vendor_id	: GenuineIntel
cpu family	: 6
model		: 142
model name	: Intel(R) Core(TM) i7-7500U CPU @ 2.70GHz
stepping	: 9
cpu MHz		: 2904.002
cache size	: 4096 KB
physical id	: 0
siblings	: 2
core id		: 0
cpu cores	: 2
apicid		: 0
initial apicid	: 0
fpu		: yes
fpu_exception	: yes
cpuid level	: 22
wp		: yes
flags		: fpu vme de pse tsc msr pae mce cx8 apic sep mtrr pge mca cmov pat pse36 clflush mmx fxsr sse sse2 ht syscall nx rdtscp lm constant_tsc rep_good nopl xtopology nonstop_tsc pni pclmulqdq ssse3 cx16 sse4_1 sse4_2 movbe popcnt aes xsave avx rdrand hypervisor lahf_lm abm 3dnowprefetch avx2 rdseed clflushopt
bugs		:
bogomips	: 5808.00
clflush size	: 64
cache_alignment	: 64
address sizes	: 39 bits physical, 48 bits virtual
power management:

processor	: 1
vendor_id	: GenuineIntel
cpu family	: 6
model		: 142
model name	: Intel(R) Core(TM) i7-7500U CPU @ 2.70GHz
stepping	: 9
cpu MHz		: 2904.002
cache size	: 4096 KB
physical id	: 0
siblings	: 2
core id		: 1
cpu cores	: 2
apicid		: 1
initial apicid	: 1
fpu		: yes
fpu_exception	: yes
cpuid level	: 22
wp		: yes
flags		: fpu vme de pse tsc msr pae mce cx8 apic sep mtrr pge mca cmov pat pse36 clflush mmx fxsr sse sse2 ht syscall nx rdtscp lm constant_tsc rep_good nopl xtopology nonstop_tsc pni pclmulqdq ssse3 cx16 sse4_1 sse4_2 movbe popcnt aes xsave avx rdrand hypervisor lahf_lm abm 3dnowprefetch avx2 rdseed clflushopt
bugs		:
bogomips	: 5808.00
clflush size	: 64
cache_alignment	: 64
address sizes	: 39 bits physical, 48 bits virtual
power management:



Memory: 4k page, physical 3077996k(71948k free), swap 1045500k(0k free)

vm_info: OpenJDK 64-Bit Server VM (25.152-b01) for linux-amd64 JRE (1.8.0_152-release-915-b01), built by "builder" with gcc 4.8.4

time: Tue Jan 30 17:08:16 2018
elapsed time: 16 seconds (0d 0h 0m 16s)

